-------- Phase Counters Phase ID 1--------
commit_count : 10000
cycle_count : 52459
-------- Phase Rates Phase ID 1--------
ipc_rate : 0.19
-------- Phase Counters Phase ID 2--------
commit_count : 10000
cycle_count : 19487
-------- Phase Rates Phase ID 2--------
ipc_rate : 0.51
-------- Phase Counters Phase ID 3--------
commit_count : 10000
cycle_count : 16893
-------- Phase Rates Phase ID 3--------
ipc_rate : 0.59
-------- Phase Counters Phase ID 4--------
commit_count : 10000
cycle_count : 7011
-------- Phase Rates Phase ID 4--------
ipc_rate : 1.43
-------- Phase Counters Phase ID 5--------
commit_count : 10000
cycle_count : 8939
-------- Phase Rates Phase ID 5--------
ipc_rate : 1.12
-------- Phase Counters Phase ID 6--------
commit_count : 10000
cycle_count : 9784
-------- Phase Rates Phase ID 6--------
ipc_rate : 1.02
-------- Phase Counters Phase ID 7--------
commit_count : 10000
cycle_count : 10595
-------- Phase Rates Phase ID 7--------
ipc_rate : 0.94
-------- Phase Counters Phase ID 8--------
commit_count : 10000
cycle_count : 11844
-------- Phase Rates Phase ID 8--------
ipc_rate : 0.84
-------- Phase Counters Phase ID 9--------
commit_count : 10000
cycle_count : 11653
-------- Phase Rates Phase ID 9--------
ipc_rate : 0.86
-------- Phase Counters Phase ID 10--------
commit_count : 10000
cycle_count : 6725
-------- Phase Rates Phase ID 10--------
ipc_rate : 1.49
-------- Phase Counters Phase ID 11--------
commit_count : 10000
cycle_count : 6494
-------- Phase Rates Phase ID 11--------
ipc_rate : 1.54
-------- Phase Counters Phase ID 12--------
commit_count : 10000
cycle_count : 5601
-------- Phase Rates Phase ID 12--------
ipc_rate : 1.79
-------- Phase Counters Phase ID 13--------
commit_count : 10000
cycle_count : 8170
-------- Phase Rates Phase ID 13--------
ipc_rate : 1.22
-------- Phase Counters Phase ID 14--------
commit_count : 10000
cycle_count : 7239
-------- Phase Rates Phase ID 14--------
ipc_rate : 1.38
-------- Phase Counters Phase ID 15--------
commit_count : 10000
cycle_count : 7329
-------- Phase Rates Phase ID 15--------
ipc_rate : 1.36
-------- Phase Counters Phase ID 16--------
commit_count : 10000
cycle_count : 6423
-------- Phase Rates Phase ID 16--------
ipc_rate : 1.56
-------- Phase Counters Phase ID 17--------
commit_count : 10000
cycle_count : 7276
-------- Phase Rates Phase ID 17--------
ipc_rate : 1.37
-------- Phase Counters Phase ID 18--------
commit_count : 10000
cycle_count : 5831
-------- Phase Rates Phase ID 18--------
ipc_rate : 1.71
-------- Phase Counters Phase ID 19--------
commit_count : 10000
cycle_count : 5231
-------- Phase Rates Phase ID 19--------
ipc_rate : 1.91
-------- Phase Counters Phase ID 20--------
commit_count : 10000
cycle_count : 7006
-------- Phase Rates Phase ID 20--------
ipc_rate : 1.43
-------- Phase Counters Phase ID 21--------
commit_count : 10000
cycle_count : 6350
-------- Phase Rates Phase ID 21--------
ipc_rate : 1.57
-------- Phase Counters Phase ID 22--------
commit_count : 10000
cycle_count : 5816
-------- Phase Rates Phase ID 22--------
ipc_rate : 1.72
-------- Phase Counters Phase ID 23--------
commit_count : 10000
cycle_count : 5355
-------- Phase Rates Phase ID 23--------
ipc_rate : 1.87
-------- Phase Counters Phase ID 24--------
commit_count : 10000
cycle_count : 4005
-------- Phase Rates Phase ID 24--------
ipc_rate : 2.50
-------- Phase Counters Phase ID 25--------
commit_count : 10000
cycle_count : 5496
-------- Phase Rates Phase ID 25--------
ipc_rate : 1.82
-------- Phase Counters Phase ID 26--------
commit_count : 10000
cycle_count : 5763
-------- Phase Rates Phase ID 26--------
ipc_rate : 1.74
-------- Phase Counters Phase ID 27--------
commit_count : 10000
cycle_count : 6390
-------- Phase Rates Phase ID 27--------
ipc_rate : 1.56
-------- Phase Counters Phase ID 28--------
commit_count : 10000
cycle_count : 4600
-------- Phase Rates Phase ID 28--------
ipc_rate : 2.17
-------- Phase Counters Phase ID 29--------
commit_count : 10000
cycle_count : 6373
-------- Phase Rates Phase ID 29--------
ipc_rate : 1.57
-------- Phase Counters Phase ID 30--------
commit_count : 10000
cycle_count : 7678
-------- Phase Rates Phase ID 30--------
ipc_rate : 1.30
-------- Phase Counters Phase ID 31--------
commit_count : 10000
cycle_count : 7048
-------- Phase Rates Phase ID 31--------
ipc_rate : 1.42
-------- Phase Counters Phase ID 32--------
commit_count : 10000
cycle_count : 6277
-------- Phase Rates Phase ID 32--------
ipc_rate : 1.59
-------- Phase Counters Phase ID 33--------
commit_count : 10000
cycle_count : 7044
-------- Phase Rates Phase ID 33--------
ipc_rate : 1.42
-------- Phase Counters Phase ID 34--------
commit_count : 10000
cycle_count : 7852
-------- Phase Rates Phase ID 34--------
ipc_rate : 1.27
-------- Phase Counters Phase ID 35--------
commit_count : 10000
cycle_count : 7783
-------- Phase Rates Phase ID 35--------
ipc_rate : 1.28
-------- Phase Counters Phase ID 36--------
commit_count : 10000
cycle_count : 7303
-------- Phase Rates Phase ID 36--------
ipc_rate : 1.37
-------- Phase Counters Phase ID 37--------
commit_count : 10000
cycle_count : 6789
-------- Phase Rates Phase ID 37--------
ipc_rate : 1.47
-------- Phase Counters Phase ID 38--------
commit_count : 10000
cycle_count : 6430
-------- Phase Rates Phase ID 38--------
ipc_rate : 1.56
-------- Phase Counters Phase ID 39--------
commit_count : 10000
cycle_count : 6568
-------- Phase Rates Phase ID 39--------
ipc_rate : 1.52
-------- Phase Counters Phase ID 40--------
commit_count : 10000
cycle_count : 5397
-------- Phase Rates Phase ID 40--------
ipc_rate : 1.85
-------- Phase Counters Phase ID 41--------
commit_count : 10000
cycle_count : 6512
-------- Phase Rates Phase ID 41--------
ipc_rate : 1.54
-------- Phase Counters Phase ID 42--------
commit_count : 10000
cycle_count : 5955
-------- Phase Rates Phase ID 42--------
ipc_rate : 1.68
-------- Phase Counters Phase ID 43--------
commit_count : 10000
cycle_count : 6476
-------- Phase Rates Phase ID 43--------
ipc_rate : 1.54
-------- Phase Counters Phase ID 44--------
commit_count : 10000
cycle_count : 7162
-------- Phase Rates Phase ID 44--------
ipc_rate : 1.40
-------- Phase Counters Phase ID 45--------
commit_count : 10000
cycle_count : 6763
-------- Phase Rates Phase ID 45--------
ipc_rate : 1.48
-------- Phase Counters Phase ID 46--------
commit_count : 10000
cycle_count : 5859
-------- Phase Rates Phase ID 46--------
ipc_rate : 1.71
-------- Phase Counters Phase ID 47--------
commit_count : 10000
cycle_count : 6487
-------- Phase Rates Phase ID 47--------
ipc_rate : 1.54
-------- Phase Counters Phase ID 48--------
commit_count : 10000
cycle_count : 6883
-------- Phase Rates Phase ID 48--------
ipc_rate : 1.45
-------- Phase Counters Phase ID 49--------
commit_count : 10000
cycle_count : 4850
-------- Phase Rates Phase ID 49--------
ipc_rate : 2.06
-------- Phase Counters Phase ID 50--------
commit_count : 10000
cycle_count : 4720
-------- Phase Rates Phase ID 50--------
ipc_rate : 2.12
-------- Phase Counters Phase ID 51--------
commit_count : 10000
cycle_count : 6971
-------- Phase Rates Phase ID 51--------
ipc_rate : 1.43
-------- Phase Counters Phase ID 52--------
commit_count : 10000
cycle_count : 6440
-------- Phase Rates Phase ID 52--------
ipc_rate : 1.55
-------- Phase Counters Phase ID 53--------
commit_count : 10000
cycle_count : 6139
-------- Phase Rates Phase ID 53--------
ipc_rate : 1.63
-------- Phase Counters Phase ID 54--------
commit_count : 10000
cycle_count : 6998
-------- Phase Rates Phase ID 54--------
ipc_rate : 1.43
-------- Phase Counters Phase ID 55--------
commit_count : 10000
cycle_count : 6006
-------- Phase Rates Phase ID 55--------
ipc_rate : 1.67
-------- Phase Counters Phase ID 56--------
commit_count : 10000
cycle_count : 5908
-------- Phase Rates Phase ID 56--------
ipc_rate : 1.69
-------- Phase Counters Phase ID 57--------
commit_count : 10000
cycle_count : 4451
-------- Phase Rates Phase ID 57--------
ipc_rate : 2.25
-------- Phase Counters Phase ID 58--------
commit_count : 10000
cycle_count : 4633
-------- Phase Rates Phase ID 58--------
ipc_rate : 2.16
-------- Phase Counters Phase ID 59--------
commit_count : 10000
cycle_count : 5572
-------- Phase Rates Phase ID 59--------
ipc_rate : 1.79
-------- Phase Counters Phase ID 60--------
commit_count : 10000
cycle_count : 5051
-------- Phase Rates Phase ID 60--------
ipc_rate : 1.98
-------- Phase Counters Phase ID 61--------
commit_count : 10000
cycle_count : 6093
-------- Phase Rates Phase ID 61--------
ipc_rate : 1.64
-------- Phase Counters Phase ID 62--------
commit_count : 10000
cycle_count : 6405
-------- Phase Rates Phase ID 62--------
ipc_rate : 1.56
-------- Phase Counters Phase ID 63--------
commit_count : 10000
cycle_count : 6436
-------- Phase Rates Phase ID 63--------
ipc_rate : 1.55
-------- Phase Counters Phase ID 64--------
commit_count : 10000
cycle_count : 6284
-------- Phase Rates Phase ID 64--------
ipc_rate : 1.59
-------- Phase Counters Phase ID 65--------
commit_count : 10000
cycle_count : 6405
-------- Phase Rates Phase ID 65--------
ipc_rate : 1.56
-------- Phase Counters Phase ID 66--------
commit_count : 10000
cycle_count : 4726
-------- Phase Rates Phase ID 66--------
ipc_rate : 2.12
-------- Phase Counters Phase ID 67--------
commit_count : 10000
cycle_count : 4853
-------- Phase Rates Phase ID 67--------
ipc_rate : 2.06
-------- Phase Counters Phase ID 68--------
commit_count : 10000
cycle_count : 6242
-------- Phase Rates Phase ID 68--------
ipc_rate : 1.60
-------- Phase Counters Phase ID 69--------
commit_count : 10000
cycle_count : 6025
-------- Phase Rates Phase ID 69--------
ipc_rate : 1.66
-------- Phase Counters Phase ID 70--------
commit_count : 10000
cycle_count : 6180
-------- Phase Rates Phase ID 70--------
ipc_rate : 1.62
-------- Phase Counters Phase ID 71--------
commit_count : 10000
cycle_count : 5775
-------- Phase Rates Phase ID 71--------
ipc_rate : 1.73
-------- Phase Counters Phase ID 72--------
commit_count : 10000
cycle_count : 5756
-------- Phase Rates Phase ID 72--------
ipc_rate : 1.74
-------- Phase Counters Phase ID 73--------
commit_count : 10000
cycle_count : 5628
-------- Phase Rates Phase ID 73--------
ipc_rate : 1.78
-------- Phase Counters Phase ID 74--------
commit_count : 10000
cycle_count : 5479
-------- Phase Rates Phase ID 74--------
ipc_rate : 1.83
-------- Phase Counters Phase ID 75--------
commit_count : 10000
cycle_count : 5346
-------- Phase Rates Phase ID 75--------
ipc_rate : 1.87
-------- Phase Counters Phase ID 76--------
commit_count : 10000
cycle_count : 4756
-------- Phase Rates Phase ID 76--------
ipc_rate : 2.10
-------- Phase Counters Phase ID 77--------
commit_count : 10000
cycle_count : 4272
-------- Phase Rates Phase ID 77--------
ipc_rate : 2.34
-------- Phase Counters Phase ID 78--------
commit_count : 10000
cycle_count : 5445
-------- Phase Rates Phase ID 78--------
ipc_rate : 1.84
-------- Phase Counters Phase ID 79--------
commit_count : 10000
cycle_count : 4729
-------- Phase Rates Phase ID 79--------
ipc_rate : 2.11
-------- Phase Counters Phase ID 80--------
commit_count : 10000
cycle_count : 6725
-------- Phase Rates Phase ID 80--------
ipc_rate : 1.49
-------- Phase Counters Phase ID 81--------
commit_count : 10000
cycle_count : 7163
-------- Phase Rates Phase ID 81--------
ipc_rate : 1.40
-------- Phase Counters Phase ID 82--------
commit_count : 10000
cycle_count : 6397
-------- Phase Rates Phase ID 82--------
ipc_rate : 1.56
-------- Phase Counters Phase ID 83--------
commit_count : 10000
cycle_count : 5592
-------- Phase Rates Phase ID 83--------
ipc_rate : 1.79
-------- Phase Counters Phase ID 84--------
commit_count : 10000
cycle_count : 5456
-------- Phase Rates Phase ID 84--------
ipc_rate : 1.83
-------- Phase Counters Phase ID 85--------
commit_count : 10000
cycle_count : 4466
-------- Phase Rates Phase ID 85--------
ipc_rate : 2.24
-------- Phase Counters Phase ID 86--------
commit_count : 10000
cycle_count : 5930
-------- Phase Rates Phase ID 86--------
ipc_rate : 1.69
-------- Phase Counters Phase ID 87--------
commit_count : 10000
cycle_count : 6940
-------- Phase Rates Phase ID 87--------
ipc_rate : 1.44
-------- Phase Counters Phase ID 88--------
commit_count : 10000
cycle_count : 6841
-------- Phase Rates Phase ID 88--------
ipc_rate : 1.46
-------- Phase Counters Phase ID 89--------
commit_count : 10000
cycle_count : 5424
-------- Phase Rates Phase ID 89--------
ipc_rate : 1.84
-------- Phase Counters Phase ID 90--------
commit_count : 10000
cycle_count : 7865
-------- Phase Rates Phase ID 90--------
ipc_rate : 1.27
-------- Phase Counters Phase ID 91--------
commit_count : 10000
cycle_count : 5129
-------- Phase Rates Phase ID 91--------
ipc_rate : 1.95
-------- Phase Counters Phase ID 92--------
commit_count : 10000
cycle_count : 7380
-------- Phase Rates Phase ID 92--------
ipc_rate : 1.36
-------- Phase Counters Phase ID 93--------
commit_count : 10000
cycle_count : 5753
-------- Phase Rates Phase ID 93--------
ipc_rate : 1.74
-------- Phase Counters Phase ID 94--------
commit_count : 10000
cycle_count : 5819
-------- Phase Rates Phase ID 94--------
ipc_rate : 1.72
-------- Phase Counters Phase ID 95--------
commit_count : 10000
cycle_count : 9055
-------- Phase Rates Phase ID 95--------
ipc_rate : 1.10
-------- Phase Counters Phase ID 96--------
commit_count : 10000
cycle_count : 8571
-------- Phase Rates Phase ID 96--------
ipc_rate : 1.17
-------- Phase Counters Phase ID 97--------
commit_count : 10000
cycle_count : 6788
-------- Phase Rates Phase ID 97--------
ipc_rate : 1.47
-------- Phase Counters Phase ID 98--------
commit_count : 10000
cycle_count : 5030
-------- Phase Rates Phase ID 98--------
ipc_rate : 1.99
-------- Phase Counters Phase ID 99--------
commit_count : 10000
cycle_count : 5663
-------- Phase Rates Phase ID 99--------
ipc_rate : 1.77
-------- Phase Counters Phase ID 100--------
commit_count : 10000
cycle_count : 4110
-------- Phase Rates Phase ID 100--------
ipc_rate : 2.43
-------- Phase Counters Phase ID 101--------
commit_count : 10000
cycle_count : 5036
-------- Phase Rates Phase ID 101--------
ipc_rate : 1.99
-------- Phase Counters Phase ID 102--------
commit_count : 10000
cycle_count : 5082
-------- Phase Rates Phase ID 102--------
ipc_rate : 1.97
-------- Phase Counters Phase ID 103--------
commit_count : 10000
cycle_count : 5326
-------- Phase Rates Phase ID 103--------
ipc_rate : 1.88
-------- Phase Counters Phase ID 104--------
commit_count : 10000
cycle_count : 4924
-------- Phase Rates Phase ID 104--------
ipc_rate : 2.03
-------- Phase Counters Phase ID 105--------
commit_count : 10000
cycle_count : 4839
-------- Phase Rates Phase ID 105--------
ipc_rate : 2.07
-------- Phase Counters Phase ID 106--------
commit_count : 10000
cycle_count : 5512
-------- Phase Rates Phase ID 106--------
ipc_rate : 1.81
-------- Phase Counters Phase ID 107--------
commit_count : 10000
cycle_count : 4773
-------- Phase Rates Phase ID 107--------
ipc_rate : 2.10
-------- Phase Counters Phase ID 108--------
commit_count : 10000
cycle_count : 5291
-------- Phase Rates Phase ID 108--------
ipc_rate : 1.89
-------- Phase Counters Phase ID 109--------
commit_count : 10000
cycle_count : 4424
-------- Phase Rates Phase ID 109--------
ipc_rate : 2.26
-------- Phase Counters Phase ID 110--------
commit_count : 10000
cycle_count : 4223
-------- Phase Rates Phase ID 110--------
ipc_rate : 2.37
-------- Phase Counters Phase ID 111--------
commit_count : 10000
cycle_count : 5559
-------- Phase Rates Phase ID 111--------
ipc_rate : 1.80
-------- Phase Counters Phase ID 112--------
commit_count : 10000
cycle_count : 5543
-------- Phase Rates Phase ID 112--------
ipc_rate : 1.80
-------- Phase Counters Phase ID 113--------
commit_count : 10000
cycle_count : 5258
-------- Phase Rates Phase ID 113--------
ipc_rate : 1.90
-------- Phase Counters Phase ID 114--------
commit_count : 10000
cycle_count : 6478
-------- Phase Rates Phase ID 114--------
ipc_rate : 1.54
-------- Phase Counters Phase ID 115--------
commit_count : 10000
cycle_count : 4066
-------- Phase Rates Phase ID 115--------
ipc_rate : 2.46
-------- Phase Counters Phase ID 116--------
commit_count : 10000
cycle_count : 3562
-------- Phase Rates Phase ID 116--------
ipc_rate : 2.81
-------- Phase Counters Phase ID 117--------
commit_count : 10000
cycle_count : 5323
-------- Phase Rates Phase ID 117--------
ipc_rate : 1.88
-------- Phase Counters Phase ID 118--------
commit_count : 10000
cycle_count : 5526
-------- Phase Rates Phase ID 118--------
ipc_rate : 1.81
-------- Phase Counters Phase ID 119--------
commit_count : 10000
cycle_count : 5552
-------- Phase Rates Phase ID 119--------
ipc_rate : 1.80
-------- Phase Counters Phase ID 120--------
commit_count : 10000
cycle_count : 5117
-------- Phase Rates Phase ID 120--------
ipc_rate : 1.95
-------- Phase Counters Phase ID 121--------
commit_count : 10000
cycle_count : 6388
-------- Phase Rates Phase ID 121--------
ipc_rate : 1.57
-------- Phase Counters Phase ID 122--------
commit_count : 10000
cycle_count : 4991
-------- Phase Rates Phase ID 122--------
ipc_rate : 2.00
-------- Phase Counters Phase ID 123--------
commit_count : 10000
cycle_count : 5377
-------- Phase Rates Phase ID 123--------
ipc_rate : 1.86
-------- Phase Counters Phase ID 124--------
commit_count : 10000
cycle_count : 3844
-------- Phase Rates Phase ID 124--------
ipc_rate : 2.60
-------- Phase Counters Phase ID 125--------
commit_count : 10000
cycle_count : 3872
-------- Phase Rates Phase ID 125--------
ipc_rate : 2.58
-------- Phase Counters Phase ID 126--------
commit_count : 10000
cycle_count : 5870
-------- Phase Rates Phase ID 126--------
ipc_rate : 1.70
-------- Phase Counters Phase ID 127--------
commit_count : 10000
cycle_count : 6858
-------- Phase Rates Phase ID 127--------
ipc_rate : 1.46
-------- Phase Counters Phase ID 128--------
commit_count : 10000
cycle_count : 6295
-------- Phase Rates Phase ID 128--------
ipc_rate : 1.59
-------- Phase Counters Phase ID 129--------
commit_count : 10000
cycle_count : 7478
-------- Phase Rates Phase ID 129--------
ipc_rate : 1.34
-------- Phase Counters Phase ID 130--------
commit_count : 10000
cycle_count : 6442
-------- Phase Rates Phase ID 130--------
ipc_rate : 1.55
-------- Phase Counters Phase ID 131--------
commit_count : 10000
cycle_count : 6333
-------- Phase Rates Phase ID 131--------
ipc_rate : 1.58
-------- Phase Counters Phase ID 132--------
commit_count : 10000
cycle_count : 6054
-------- Phase Rates Phase ID 132--------
ipc_rate : 1.65
-------- Phase Counters Phase ID 133--------
commit_count : 10000
cycle_count : 5503
-------- Phase Rates Phase ID 133--------
ipc_rate : 1.82
-------- Phase Counters Phase ID 134--------
commit_count : 10000
cycle_count : 6022
-------- Phase Rates Phase ID 134--------
ipc_rate : 1.66
-------- Phase Counters Phase ID 135--------
commit_count : 10000
cycle_count : 5903
-------- Phase Rates Phase ID 135--------
ipc_rate : 1.69
-------- Phase Counters Phase ID 136--------
commit_count : 10000
cycle_count : 5298
-------- Phase Rates Phase ID 136--------
ipc_rate : 1.89
-------- Phase Counters Phase ID 137--------
commit_count : 10000
cycle_count : 6268
-------- Phase Rates Phase ID 137--------
ipc_rate : 1.60
-------- Phase Counters Phase ID 138--------
commit_count : 10000
cycle_count : 5607
-------- Phase Rates Phase ID 138--------
ipc_rate : 1.78
-------- Phase Counters Phase ID 139--------
commit_count : 10000
cycle_count : 7201
-------- Phase Rates Phase ID 139--------
ipc_rate : 1.39
-------- Phase Counters Phase ID 140--------
commit_count : 10000
cycle_count : 4984
-------- Phase Rates Phase ID 140--------
ipc_rate : 2.01
-------- Phase Counters Phase ID 141--------
commit_count : 10000
cycle_count : 6187
-------- Phase Rates Phase ID 141--------
ipc_rate : 1.62
-------- Phase Counters Phase ID 142--------
commit_count : 10000
cycle_count : 4688
-------- Phase Rates Phase ID 142--------
ipc_rate : 2.13
-------- Phase Counters Phase ID 143--------
commit_count : 10000
cycle_count : 3429
-------- Phase Rates Phase ID 143--------
ipc_rate : 2.92
-------- Phase Counters Phase ID 144--------
commit_count : 10000
cycle_count : 4480
-------- Phase Rates Phase ID 144--------
ipc_rate : 2.23
-------- Phase Counters Phase ID 145--------
commit_count : 10000
cycle_count : 5791
-------- Phase Rates Phase ID 145--------
ipc_rate : 1.73
-------- Phase Counters Phase ID 146--------
commit_count : 10000
cycle_count : 4828
-------- Phase Rates Phase ID 146--------
ipc_rate : 2.07
-------- Phase Counters Phase ID 147--------
commit_count : 10000
cycle_count : 5977
-------- Phase Rates Phase ID 147--------
ipc_rate : 1.67
-------- Phase Counters Phase ID 148--------
commit_count : 10000
cycle_count : 5088
-------- Phase Rates Phase ID 148--------
ipc_rate : 1.97
-------- Phase Counters Phase ID 149--------
commit_count : 10000
cycle_count : 7433
-------- Phase Rates Phase ID 149--------
ipc_rate : 1.35
-------- Phase Counters Phase ID 150--------
commit_count : 10000
cycle_count : 6630
-------- Phase Rates Phase ID 150--------
ipc_rate : 1.51
-------- Phase Counters Phase ID 151--------
commit_count : 10000
cycle_count : 4802
-------- Phase Rates Phase ID 151--------
ipc_rate : 2.08
-------- Phase Counters Phase ID 152--------
commit_count : 10000
cycle_count : 6369
-------- Phase Rates Phase ID 152--------
ipc_rate : 1.57
-------- Phase Counters Phase ID 153--------
commit_count : 10000
cycle_count : 7257
-------- Phase Rates Phase ID 153--------
ipc_rate : 1.38
-------- Phase Counters Phase ID 154--------
commit_count : 10000
cycle_count : 5794
-------- Phase Rates Phase ID 154--------
ipc_rate : 1.73
-------- Phase Counters Phase ID 155--------
commit_count : 10000
cycle_count : 4025
-------- Phase Rates Phase ID 155--------
ipc_rate : 2.48
-------- Phase Counters Phase ID 156--------
commit_count : 10000
cycle_count : 3434
-------- Phase Rates Phase ID 156--------
ipc_rate : 2.91
-------- Phase Counters Phase ID 157--------
commit_count : 10000
cycle_count : 5417
-------- Phase Rates Phase ID 157--------
ipc_rate : 1.85
-------- Phase Counters Phase ID 158--------
commit_count : 10000
cycle_count : 6121
-------- Phase Rates Phase ID 158--------
ipc_rate : 1.63
-------- Phase Counters Phase ID 159--------
commit_count : 10000
cycle_count : 6014
-------- Phase Rates Phase ID 159--------
ipc_rate : 1.66
-------- Phase Counters Phase ID 160--------
commit_count : 10000
cycle_count : 6795
-------- Phase Rates Phase ID 160--------
ipc_rate : 1.47
-------- Phase Counters Phase ID 161--------
commit_count : 10000
cycle_count : 5628
-------- Phase Rates Phase ID 161--------
ipc_rate : 1.78
-------- Phase Counters Phase ID 162--------
commit_count : 10000
cycle_count : 5819
-------- Phase Rates Phase ID 162--------
ipc_rate : 1.72
-------- Phase Counters Phase ID 163--------
commit_count : 10000
cycle_count : 5547
-------- Phase Rates Phase ID 163--------
ipc_rate : 1.80
-------- Phase Counters Phase ID 164--------
commit_count : 10000
cycle_count : 4892
-------- Phase Rates Phase ID 164--------
ipc_rate : 2.04
-------- Phase Counters Phase ID 165--------
commit_count : 10000
cycle_count : 3492
-------- Phase Rates Phase ID 165--------
ipc_rate : 2.86
-------- Phase Counters Phase ID 166--------
commit_count : 10000
cycle_count : 5065
-------- Phase Rates Phase ID 166--------
ipc_rate : 1.97
-------- Phase Counters Phase ID 167--------
commit_count : 10000
cycle_count : 5572
-------- Phase Rates Phase ID 167--------
ipc_rate : 1.79
-------- Phase Counters Phase ID 168--------
commit_count : 10000
cycle_count : 5253
-------- Phase Rates Phase ID 168--------
ipc_rate : 1.90
-------- Phase Counters Phase ID 169--------
commit_count : 10000
cycle_count : 6332
-------- Phase Rates Phase ID 169--------
ipc_rate : 1.58
-------- Phase Counters Phase ID 170--------
commit_count : 10000
cycle_count : 7005
-------- Phase Rates Phase ID 170--------
ipc_rate : 1.43
-------- Phase Counters Phase ID 171--------
commit_count : 10000
cycle_count : 5851
-------- Phase Rates Phase ID 171--------
ipc_rate : 1.71
-------- Phase Counters Phase ID 172--------
commit_count : 10000
cycle_count : 4039
-------- Phase Rates Phase ID 172--------
ipc_rate : 2.48
-------- Phase Counters Phase ID 173--------
commit_count : 10000
cycle_count : 4557
-------- Phase Rates Phase ID 173--------
ipc_rate : 2.19
-------- Phase Counters Phase ID 174--------
commit_count : 10000
cycle_count : 4215
-------- Phase Rates Phase ID 174--------
ipc_rate : 2.37
-------- Phase Counters Phase ID 175--------
commit_count : 10000
cycle_count : 6104
-------- Phase Rates Phase ID 175--------
ipc_rate : 1.64
-------- Phase Counters Phase ID 176--------
commit_count : 10000
cycle_count : 4116
-------- Phase Rates Phase ID 176--------
ipc_rate : 2.43
-------- Phase Counters Phase ID 177--------
commit_count : 10000
cycle_count : 5185
-------- Phase Rates Phase ID 177--------
ipc_rate : 1.93
-------- Phase Counters Phase ID 178--------
commit_count : 10000
cycle_count : 5868
-------- Phase Rates Phase ID 178--------
ipc_rate : 1.70
-------- Phase Counters Phase ID 179--------
commit_count : 10000
cycle_count : 5635
-------- Phase Rates Phase ID 179--------
ipc_rate : 1.77
-------- Phase Counters Phase ID 180--------
commit_count : 10000
cycle_count : 4790
-------- Phase Rates Phase ID 180--------
ipc_rate : 2.09
-------- Phase Counters Phase ID 181--------
commit_count : 10000
cycle_count : 5308
-------- Phase Rates Phase ID 181--------
ipc_rate : 1.88
-------- Phase Counters Phase ID 182--------
commit_count : 10000
cycle_count : 4986
-------- Phase Rates Phase ID 182--------
ipc_rate : 2.01
-------- Phase Counters Phase ID 183--------
commit_count : 10000
cycle_count : 4606
-------- Phase Rates Phase ID 183--------
ipc_rate : 2.17
-------- Phase Counters Phase ID 184--------
commit_count : 10000
cycle_count : 4577
-------- Phase Rates Phase ID 184--------
ipc_rate : 2.18
-------- Phase Counters Phase ID 185--------
commit_count : 10000
cycle_count : 4149
-------- Phase Rates Phase ID 185--------
ipc_rate : 2.41
-------- Phase Counters Phase ID 186--------
commit_count : 10000
cycle_count : 6004
-------- Phase Rates Phase ID 186--------
ipc_rate : 1.67
-------- Phase Counters Phase ID 187--------
commit_count : 10000
cycle_count : 5232
-------- Phase Rates Phase ID 187--------
ipc_rate : 1.91
-------- Phase Counters Phase ID 188--------
commit_count : 10000
cycle_count : 4670
-------- Phase Rates Phase ID 188--------
ipc_rate : 2.14
-------- Phase Counters Phase ID 189--------
commit_count : 10000
cycle_count : 5116
-------- Phase Rates Phase ID 189--------
ipc_rate : 1.95
-------- Phase Counters Phase ID 190--------
commit_count : 10000
cycle_count : 4579
-------- Phase Rates Phase ID 190--------
ipc_rate : 2.18
-------- Phase Counters Phase ID 191--------
commit_count : 10000
cycle_count : 4546
-------- Phase Rates Phase ID 191--------
ipc_rate : 2.20
-------- Phase Counters Phase ID 192--------
commit_count : 10000
cycle_count : 4528
-------- Phase Rates Phase ID 192--------
ipc_rate : 2.21
-------- Phase Counters Phase ID 193--------
commit_count : 10000
cycle_count : 5214
-------- Phase Rates Phase ID 193--------
ipc_rate : 1.92
-------- Phase Counters Phase ID 194--------
commit_count : 10000
cycle_count : 5684
-------- Phase Rates Phase ID 194--------
ipc_rate : 1.76
-------- Phase Counters Phase ID 195--------
commit_count : 10000
cycle_count : 6680
-------- Phase Rates Phase ID 195--------
ipc_rate : 1.50
-------- Phase Counters Phase ID 196--------
commit_count : 10000
cycle_count : 4871
-------- Phase Rates Phase ID 196--------
ipc_rate : 2.05
-------- Phase Counters Phase ID 197--------
commit_count : 10000
cycle_count : 6354
-------- Phase Rates Phase ID 197--------
ipc_rate : 1.57
-------- Phase Counters Phase ID 198--------
commit_count : 10000
cycle_count : 5224
-------- Phase Rates Phase ID 198--------
ipc_rate : 1.91
-------- Phase Counters Phase ID 199--------
commit_count : 10000
cycle_count : 3993
-------- Phase Rates Phase ID 199--------
ipc_rate : 2.50
-------- Phase Counters Phase ID 200--------
commit_count : 10000
cycle_count : 6088
-------- Phase Rates Phase ID 200--------
ipc_rate : 1.64
-------- Phase Counters Phase ID 201--------
commit_count : 10000
cycle_count : 4952
-------- Phase Rates Phase ID 201--------
ipc_rate : 2.02
-------- Phase Counters Phase ID 202--------
commit_count : 10000
cycle_count : 5188
-------- Phase Rates Phase ID 202--------
ipc_rate : 1.93
-------- Phase Counters Phase ID 203--------
commit_count : 10000
cycle_count : 4768
-------- Phase Rates Phase ID 203--------
ipc_rate : 2.10
-------- Phase Counters Phase ID 204--------
commit_count : 10000
cycle_count : 5879
-------- Phase Rates Phase ID 204--------
ipc_rate : 1.70
-------- Phase Counters Phase ID 205--------
commit_count : 10000
cycle_count : 4182
-------- Phase Rates Phase ID 205--------
ipc_rate : 2.39
-------- Phase Counters Phase ID 206--------
commit_count : 10000
cycle_count : 5361
-------- Phase Rates Phase ID 206--------
ipc_rate : 1.87
-------- Phase Counters Phase ID 207--------
commit_count : 10000
cycle_count : 4190
-------- Phase Rates Phase ID 207--------
ipc_rate : 2.39
-------- Phase Counters Phase ID 208--------
commit_count : 10000
cycle_count : 5455
-------- Phase Rates Phase ID 208--------
ipc_rate : 1.83
-------- Phase Counters Phase ID 209--------
commit_count : 10000
cycle_count : 4592
-------- Phase Rates Phase ID 209--------
ipc_rate : 2.18
-------- Phase Counters Phase ID 210--------
commit_count : 10000
cycle_count : 5812
-------- Phase Rates Phase ID 210--------
ipc_rate : 1.72
-------- Phase Counters Phase ID 211--------
commit_count : 10000
cycle_count : 7098
-------- Phase Rates Phase ID 211--------
ipc_rate : 1.41
-------- Phase Counters Phase ID 212--------
commit_count : 10000
cycle_count : 6315
-------- Phase Rates Phase ID 212--------
ipc_rate : 1.58
-------- Phase Counters Phase ID 213--------
commit_count : 10000
cycle_count : 6890
-------- Phase Rates Phase ID 213--------
ipc_rate : 1.45
-------- Phase Counters Phase ID 214--------
commit_count : 10000
cycle_count : 5909
-------- Phase Rates Phase ID 214--------
ipc_rate : 1.69
-------- Phase Counters Phase ID 215--------
commit_count : 10000
cycle_count : 6165
-------- Phase Rates Phase ID 215--------
ipc_rate : 1.62
-------- Phase Counters Phase ID 216--------
commit_count : 10000
cycle_count : 6388
-------- Phase Rates Phase ID 216--------
ipc_rate : 1.57
-------- Phase Counters Phase ID 217--------
commit_count : 10000
cycle_count : 5672
-------- Phase Rates Phase ID 217--------
ipc_rate : 1.76
-------- Phase Counters Phase ID 218--------
commit_count : 10000
cycle_count : 5608
-------- Phase Rates Phase ID 218--------
ipc_rate : 1.78
-------- Phase Counters Phase ID 219--------
commit_count : 10000
cycle_count : 6841
-------- Phase Rates Phase ID 219--------
ipc_rate : 1.46
-------- Phase Counters Phase ID 220--------
commit_count : 10000
cycle_count : 7207
-------- Phase Rates Phase ID 220--------
ipc_rate : 1.39
-------- Phase Counters Phase ID 221--------
commit_count : 10000
cycle_count : 6172
-------- Phase Rates Phase ID 221--------
ipc_rate : 1.62
-------- Phase Counters Phase ID 222--------
commit_count : 10000
cycle_count : 5635
-------- Phase Rates Phase ID 222--------
ipc_rate : 1.77
-------- Phase Counters Phase ID 223--------
commit_count : 10000
cycle_count : 4467
-------- Phase Rates Phase ID 223--------
ipc_rate : 2.24
-------- Phase Counters Phase ID 224--------
commit_count : 10000
cycle_count : 5225
-------- Phase Rates Phase ID 224--------
ipc_rate : 1.91
-------- Phase Counters Phase ID 225--------
commit_count : 10000
cycle_count : 6370
-------- Phase Rates Phase ID 225--------
ipc_rate : 1.57
-------- Phase Counters Phase ID 226--------
commit_count : 10000
cycle_count : 6250
-------- Phase Rates Phase ID 226--------
ipc_rate : 1.60
-------- Phase Counters Phase ID 227--------
commit_count : 10000
cycle_count : 6388
-------- Phase Rates Phase ID 227--------
ipc_rate : 1.57
-------- Phase Counters Phase ID 228--------
commit_count : 10000
cycle_count : 6386
-------- Phase Rates Phase ID 228--------
ipc_rate : 1.57
-------- Phase Counters Phase ID 229--------
commit_count : 10000
cycle_count : 4714
-------- Phase Rates Phase ID 229--------
ipc_rate : 2.12
-------- Phase Counters Phase ID 230--------
commit_count : 10000
cycle_count : 5181
-------- Phase Rates Phase ID 230--------
ipc_rate : 1.93
-------- Phase Counters Phase ID 231--------
commit_count : 10000
cycle_count : 5128
-------- Phase Rates Phase ID 231--------
ipc_rate : 1.95
-------- Phase Counters Phase ID 232--------
commit_count : 10000
cycle_count : 5521
-------- Phase Rates Phase ID 232--------
ipc_rate : 1.81
-------- Phase Counters Phase ID 233--------
commit_count : 10000
cycle_count : 5469
-------- Phase Rates Phase ID 233--------
ipc_rate : 1.83
-------- Phase Counters Phase ID 234--------
commit_count : 10000
cycle_count : 4750
-------- Phase Rates Phase ID 234--------
ipc_rate : 2.11
-------- Phase Counters Phase ID 235--------
commit_count : 10000
cycle_count : 5398
-------- Phase Rates Phase ID 235--------
ipc_rate : 1.85
-------- Phase Counters Phase ID 236--------
commit_count : 10000
cycle_count : 3842
-------- Phase Rates Phase ID 236--------
ipc_rate : 2.60
-------- Phase Counters Phase ID 237--------
commit_count : 10000
cycle_count : 4315
-------- Phase Rates Phase ID 237--------
ipc_rate : 2.32
-------- Phase Counters Phase ID 238--------
commit_count : 10000
cycle_count : 6014
-------- Phase Rates Phase ID 238--------
ipc_rate : 1.66
-------- Phase Counters Phase ID 239--------
commit_count : 10000
cycle_count : 4981
-------- Phase Rates Phase ID 239--------
ipc_rate : 2.01
-------- Phase Counters Phase ID 240--------
commit_count : 10000
cycle_count : 5361
-------- Phase Rates Phase ID 240--------
ipc_rate : 1.87
-------- Phase Counters Phase ID 241--------
commit_count : 10000
cycle_count : 4869
-------- Phase Rates Phase ID 241--------
ipc_rate : 2.05
-------- Phase Counters Phase ID 242--------
commit_count : 10000
cycle_count : 6390
-------- Phase Rates Phase ID 242--------
ipc_rate : 1.56
-------- Phase Counters Phase ID 243--------
commit_count : 10000
cycle_count : 5139
-------- Phase Rates Phase ID 243--------
ipc_rate : 1.95
-------- Phase Counters Phase ID 244--------
commit_count : 10000
cycle_count : 5825
-------- Phase Rates Phase ID 244--------
ipc_rate : 1.72
-------- Phase Counters Phase ID 245--------
commit_count : 10000
cycle_count : 4798
-------- Phase Rates Phase ID 245--------
ipc_rate : 2.08
-------- Phase Counters Phase ID 246--------
commit_count : 10000
cycle_count : 5552
-------- Phase Rates Phase ID 246--------
ipc_rate : 1.80
-------- Phase Counters Phase ID 247--------
commit_count : 10000
cycle_count : 3952
-------- Phase Rates Phase ID 247--------
ipc_rate : 2.53
-------- Phase Counters Phase ID 248--------
commit_count : 10000
cycle_count : 3839
-------- Phase Rates Phase ID 248--------
ipc_rate : 2.60
-------- Phase Counters Phase ID 249--------
commit_count : 10000
cycle_count : 5953
-------- Phase Rates Phase ID 249--------
ipc_rate : 1.68
-------- Phase Counters Phase ID 250--------
commit_count : 10000
cycle_count : 6064
-------- Phase Rates Phase ID 250--------
ipc_rate : 1.65
-------- Phase Counters Phase ID 251--------
commit_count : 10000
cycle_count : 6098
-------- Phase Rates Phase ID 251--------
ipc_rate : 1.64
-------- Phase Counters Phase ID 252--------
commit_count : 10000
cycle_count : 6185
-------- Phase Rates Phase ID 252--------
ipc_rate : 1.62
-------- Phase Counters Phase ID 253--------
commit_count : 10000
cycle_count : 5458
-------- Phase Rates Phase ID 253--------
ipc_rate : 1.83
-------- Phase Counters Phase ID 254--------
commit_count : 10000
cycle_count : 4735
-------- Phase Rates Phase ID 254--------
ipc_rate : 2.11
-------- Phase Counters Phase ID 255--------
commit_count : 10000
cycle_count : 4909
-------- Phase Rates Phase ID 255--------
ipc_rate : 2.04
-------- Phase Counters Phase ID 256--------
commit_count : 10000
cycle_count : 3889
-------- Phase Rates Phase ID 256--------
ipc_rate : 2.57
-------- Phase Counters Phase ID 257--------
commit_count : 10000
cycle_count : 4000
-------- Phase Rates Phase ID 257--------
ipc_rate : 2.50
-------- Phase Counters Phase ID 258--------
commit_count : 10000
cycle_count : 5228
-------- Phase Rates Phase ID 258--------
ipc_rate : 1.91
-------- Phase Counters Phase ID 259--------
commit_count : 10000
cycle_count : 4844
-------- Phase Rates Phase ID 259--------
ipc_rate : 2.06
-------- Phase Counters Phase ID 260--------
commit_count : 10000
cycle_count : 5820
-------- Phase Rates Phase ID 260--------
ipc_rate : 1.72
-------- Phase Counters Phase ID 261--------
commit_count : 10000
cycle_count : 5450
-------- Phase Rates Phase ID 261--------
ipc_rate : 1.83
-------- Phase Counters Phase ID 262--------
commit_count : 10000
cycle_count : 4262
-------- Phase Rates Phase ID 262--------
ipc_rate : 2.35
-------- Phase Counters Phase ID 263--------
commit_count : 10000
cycle_count : 5512
-------- Phase Rates Phase ID 263--------
ipc_rate : 1.81
-------- Phase Counters Phase ID 264--------
commit_count : 10000
cycle_count : 6543
-------- Phase Rates Phase ID 264--------
ipc_rate : 1.53
-------- Phase Counters Phase ID 265--------
commit_count : 10000
cycle_count : 7393
-------- Phase Rates Phase ID 265--------
ipc_rate : 1.35
-------- Phase Counters Phase ID 266--------
commit_count : 10000
cycle_count : 6253
-------- Phase Rates Phase ID 266--------
ipc_rate : 1.60
-------- Phase Counters Phase ID 267--------
commit_count : 10000
cycle_count : 6577
-------- Phase Rates Phase ID 267--------
ipc_rate : 1.52
-------- Phase Counters Phase ID 268--------
commit_count : 10000
cycle_count : 7349
-------- Phase Rates Phase ID 268--------
ipc_rate : 1.36
-------- Phase Counters Phase ID 269--------
commit_count : 10000
cycle_count : 5727
-------- Phase Rates Phase ID 269--------
ipc_rate : 1.75
-------- Phase Counters Phase ID 270--------
commit_count : 10000
cycle_count : 6558
-------- Phase Rates Phase ID 270--------
ipc_rate : 1.52
-------- Phase Counters Phase ID 271--------
commit_count : 10000
cycle_count : 5852
-------- Phase Rates Phase ID 271--------
ipc_rate : 1.71
-------- Phase Counters Phase ID 272--------
commit_count : 10000
cycle_count : 5673
-------- Phase Rates Phase ID 272--------
ipc_rate : 1.76
-------- Phase Counters Phase ID 273--------
commit_count : 10000
cycle_count : 6769
-------- Phase Rates Phase ID 273--------
ipc_rate : 1.48
-------- Phase Counters Phase ID 274--------
commit_count : 10000
cycle_count : 5747
-------- Phase Rates Phase ID 274--------
ipc_rate : 1.74
-------- Phase Counters Phase ID 275--------
commit_count : 10000
cycle_count : 6163
-------- Phase Rates Phase ID 275--------
ipc_rate : 1.62
-------- Phase Counters Phase ID 276--------
commit_count : 10000
cycle_count : 5545
-------- Phase Rates Phase ID 276--------
ipc_rate : 1.80
-------- Phase Counters Phase ID 277--------
commit_count : 10000
cycle_count : 5350
-------- Phase Rates Phase ID 277--------
ipc_rate : 1.87
-------- Phase Counters Phase ID 278--------
commit_count : 10000
cycle_count : 5521
-------- Phase Rates Phase ID 278--------
ipc_rate : 1.81
-------- Phase Counters Phase ID 279--------
commit_count : 10000
cycle_count : 6520
-------- Phase Rates Phase ID 279--------
ipc_rate : 1.53
-------- Phase Counters Phase ID 280--------
commit_count : 10000
cycle_count : 4166
-------- Phase Rates Phase ID 280--------
ipc_rate : 2.40
-------- Phase Counters Phase ID 281--------
commit_count : 10000
cycle_count : 6274
-------- Phase Rates Phase ID 281--------
ipc_rate : 1.59
-------- Phase Counters Phase ID 282--------
commit_count : 10000
cycle_count : 5822
-------- Phase Rates Phase ID 282--------
ipc_rate : 1.72
-------- Phase Counters Phase ID 283--------
commit_count : 10000
cycle_count : 5525
-------- Phase Rates Phase ID 283--------
ipc_rate : 1.81
-------- Phase Counters Phase ID 284--------
commit_count : 10000
cycle_count : 6063
-------- Phase Rates Phase ID 284--------
ipc_rate : 1.65
-------- Phase Counters Phase ID 285--------
commit_count : 10000
cycle_count : 6137
-------- Phase Rates Phase ID 285--------
ipc_rate : 1.63
-------- Phase Counters Phase ID 286--------
commit_count : 10000
cycle_count : 4489
-------- Phase Rates Phase ID 286--------
ipc_rate : 2.23
-------- Phase Counters Phase ID 287--------
commit_count : 10000
cycle_count : 5010
-------- Phase Rates Phase ID 287--------
ipc_rate : 2.00
-------- Phase Counters Phase ID 288--------
commit_count : 10000
cycle_count : 6367
-------- Phase Rates Phase ID 288--------
ipc_rate : 1.57
-------- Phase Counters Phase ID 289--------
commit_count : 10000
cycle_count : 6301
-------- Phase Rates Phase ID 289--------
ipc_rate : 1.59
-------- Phase Counters Phase ID 290--------
commit_count : 10000
cycle_count : 6316
-------- Phase Rates Phase ID 290--------
ipc_rate : 1.58
-------- Phase Counters Phase ID 291--------
commit_count : 10000
cycle_count : 5896
-------- Phase Rates Phase ID 291--------
ipc_rate : 1.70
-------- Phase Counters Phase ID 292--------
commit_count : 10000
cycle_count : 5348
-------- Phase Rates Phase ID 292--------
ipc_rate : 1.87
-------- Phase Counters Phase ID 293--------
commit_count : 10000
cycle_count : 6270
-------- Phase Rates Phase ID 293--------
ipc_rate : 1.59
-------- Phase Counters Phase ID 294--------
commit_count : 10000
cycle_count : 4135
-------- Phase Rates Phase ID 294--------
ipc_rate : 2.42
-------- Phase Counters Phase ID 295--------
commit_count : 10000
cycle_count : 5843
-------- Phase Rates Phase ID 295--------
ipc_rate : 1.71
-------- Phase Counters Phase ID 296--------
commit_count : 10000
cycle_count : 6241
-------- Phase Rates Phase ID 296--------
ipc_rate : 1.60
-------- Phase Counters Phase ID 297--------
commit_count : 10000
cycle_count : 4875
-------- Phase Rates Phase ID 297--------
ipc_rate : 2.05
-------- Phase Counters Phase ID 298--------
commit_count : 10000
cycle_count : 4146
-------- Phase Rates Phase ID 298--------
ipc_rate : 2.41
-------- Phase Counters Phase ID 299--------
commit_count : 10000
cycle_count : 5929
-------- Phase Rates Phase ID 299--------
ipc_rate : 1.69
-------- Phase Counters Phase ID 300--------
commit_count : 10000
cycle_count : 6115
-------- Phase Rates Phase ID 300--------
ipc_rate : 1.64
-------- Phase Counters Phase ID 301--------
commit_count : 10000
cycle_count : 5185
-------- Phase Rates Phase ID 301--------
ipc_rate : 1.93
-------- Phase Counters Phase ID 302--------
commit_count : 10000
cycle_count : 5814
-------- Phase Rates Phase ID 302--------
ipc_rate : 1.72
-------- Phase Counters Phase ID 303--------
commit_count : 10000
cycle_count : 4208
-------- Phase Rates Phase ID 303--------
ipc_rate : 2.38
-------- Phase Counters Phase ID 304--------
commit_count : 10000
cycle_count : 3586
-------- Phase Rates Phase ID 304--------
ipc_rate : 2.79
-------- Phase Counters Phase ID 305--------
commit_count : 10000
cycle_count : 5439
-------- Phase Rates Phase ID 305--------
ipc_rate : 1.84
-------- Phase Counters Phase ID 306--------
commit_count : 10000
cycle_count : 5369
-------- Phase Rates Phase ID 306--------
ipc_rate : 1.86
-------- Phase Counters Phase ID 307--------
commit_count : 10000
cycle_count : 4839
-------- Phase Rates Phase ID 307--------
ipc_rate : 2.07
-------- Phase Counters Phase ID 308--------
commit_count : 10000
cycle_count : 5098
-------- Phase Rates Phase ID 308--------
ipc_rate : 1.96
-------- Phase Counters Phase ID 309--------
commit_count : 10000
cycle_count : 5906
-------- Phase Rates Phase ID 309--------
ipc_rate : 1.69
-------- Phase Counters Phase ID 310--------
commit_count : 10000
cycle_count : 4739
-------- Phase Rates Phase ID 310--------
ipc_rate : 2.11
-------- Phase Counters Phase ID 311--------
commit_count : 10000
cycle_count : 4623
-------- Phase Rates Phase ID 311--------
ipc_rate : 2.16
-------- Phase Counters Phase ID 312--------
commit_count : 10000
cycle_count : 6292
-------- Phase Rates Phase ID 312--------
ipc_rate : 1.59
-------- Phase Counters Phase ID 313--------
commit_count : 10000
cycle_count : 6937
-------- Phase Rates Phase ID 313--------
ipc_rate : 1.44
-------- Phase Counters Phase ID 314--------
commit_count : 10000
cycle_count : 6631
-------- Phase Rates Phase ID 314--------
ipc_rate : 1.51
-------- Phase Counters Phase ID 315--------
commit_count : 10000
cycle_count : 6548
-------- Phase Rates Phase ID 315--------
ipc_rate : 1.53
-------- Phase Counters Phase ID 316--------
commit_count : 10000
cycle_count : 5580
-------- Phase Rates Phase ID 316--------
ipc_rate : 1.79
-------- Phase Counters Phase ID 317--------
commit_count : 10000
cycle_count : 7324
-------- Phase Rates Phase ID 317--------
ipc_rate : 1.37
-------- Phase Counters Phase ID 318--------
commit_count : 10000
cycle_count : 5930
-------- Phase Rates Phase ID 318--------
ipc_rate : 1.69
-------- Phase Counters Phase ID 319--------
commit_count : 10000
cycle_count : 5921
-------- Phase Rates Phase ID 319--------
ipc_rate : 1.69
-------- Phase Counters Phase ID 320--------
commit_count : 10000
cycle_count : 5482
-------- Phase Rates Phase ID 320--------
ipc_rate : 1.82
-------- Phase Counters Phase ID 321--------
commit_count : 10000
cycle_count : 5742
-------- Phase Rates Phase ID 321--------
ipc_rate : 1.74
-------- Phase Counters Phase ID 322--------
commit_count : 10000
cycle_count : 4873
-------- Phase Rates Phase ID 322--------
ipc_rate : 2.05
-------- Phase Counters Phase ID 323--------
commit_count : 10000
cycle_count : 6133
-------- Phase Rates Phase ID 323--------
ipc_rate : 1.63
-------- Phase Counters Phase ID 324--------
commit_count : 10000
cycle_count : 5793
-------- Phase Rates Phase ID 324--------
ipc_rate : 1.73
-------- Phase Counters Phase ID 325--------
commit_count : 10000
cycle_count : 5135
-------- Phase Rates Phase ID 325--------
ipc_rate : 1.95
-------- Phase Counters Phase ID 326--------
commit_count : 10000
cycle_count : 5076
-------- Phase Rates Phase ID 326--------
ipc_rate : 1.97
-------- Phase Counters Phase ID 327--------
commit_count : 10000
cycle_count : 3742
-------- Phase Rates Phase ID 327--------
ipc_rate : 2.67
-------- Phase Counters Phase ID 328--------
commit_count : 10000
cycle_count : 3898
-------- Phase Rates Phase ID 328--------
ipc_rate : 2.57
-------- Phase Counters Phase ID 329--------
commit_count : 10000
cycle_count : 5578
-------- Phase Rates Phase ID 329--------
ipc_rate : 1.79
-------- Phase Counters Phase ID 330--------
commit_count : 10000
cycle_count : 5238
-------- Phase Rates Phase ID 330--------
ipc_rate : 1.91
-------- Phase Counters Phase ID 331--------
commit_count : 10000
cycle_count : 6164
-------- Phase Rates Phase ID 331--------
ipc_rate : 1.62
-------- Phase Counters Phase ID 332--------
commit_count : 10000
cycle_count : 5833
-------- Phase Rates Phase ID 332--------
ipc_rate : 1.71
-------- Phase Counters Phase ID 333--------
commit_count : 10000
cycle_count : 5957
-------- Phase Rates Phase ID 333--------
ipc_rate : 1.68
-------- Phase Counters Phase ID 334--------
commit_count : 10000
cycle_count : 5316
-------- Phase Rates Phase ID 334--------
ipc_rate : 1.88
-------- Phase Counters Phase ID 335--------
commit_count : 10000
cycle_count : 5486
-------- Phase Rates Phase ID 335--------
ipc_rate : 1.82
-------- Phase Counters Phase ID 336--------
commit_count : 10000
cycle_count : 4389
-------- Phase Rates Phase ID 336--------
ipc_rate : 2.28
-------- Phase Counters Phase ID 337--------
commit_count : 10000
cycle_count : 3389
-------- Phase Rates Phase ID 337--------
ipc_rate : 2.95
-------- Phase Counters Phase ID 338--------
commit_count : 10000
cycle_count : 4966
-------- Phase Rates Phase ID 338--------
ipc_rate : 2.01
-------- Phase Counters Phase ID 339--------
commit_count : 10000
cycle_count : 5478
-------- Phase Rates Phase ID 339--------
ipc_rate : 1.83
-------- Phase Counters Phase ID 340--------
commit_count : 10000
cycle_count : 4672
-------- Phase Rates Phase ID 340--------
ipc_rate : 2.14
-------- Phase Counters Phase ID 341--------
commit_count : 10000
cycle_count : 5042
-------- Phase Rates Phase ID 341--------
ipc_rate : 1.98
-------- Phase Counters Phase ID 342--------
commit_count : 10000
cycle_count : 6199
-------- Phase Rates Phase ID 342--------
ipc_rate : 1.61
-------- Phase Counters Phase ID 343--------
commit_count : 10000
cycle_count : 5339
-------- Phase Rates Phase ID 343--------
ipc_rate : 1.87
-------- Phase Counters Phase ID 344--------
commit_count : 10000
cycle_count : 5863
-------- Phase Rates Phase ID 344--------
ipc_rate : 1.71
-------- Phase Counters Phase ID 345--------
commit_count : 10000
cycle_count : 5689
-------- Phase Rates Phase ID 345--------
ipc_rate : 1.76
-------- Phase Counters Phase ID 346--------
commit_count : 10000
cycle_count : 4289
-------- Phase Rates Phase ID 346--------
ipc_rate : 2.33
-------- Phase Counters Phase ID 347--------
commit_count : 10000
cycle_count : 5312
-------- Phase Rates Phase ID 347--------
ipc_rate : 1.88
-------- Phase Counters Phase ID 348--------
commit_count : 10000
cycle_count : 5973
-------- Phase Rates Phase ID 348--------
ipc_rate : 1.67
-------- Phase Counters Phase ID 349--------
commit_count : 10000
cycle_count : 5601
-------- Phase Rates Phase ID 349--------
ipc_rate : 1.79
-------- Phase Counters Phase ID 350--------
commit_count : 10000
cycle_count : 5899
-------- Phase Rates Phase ID 350--------
ipc_rate : 1.70
-------- Phase Counters Phase ID 351--------
commit_count : 10000
cycle_count : 6063
-------- Phase Rates Phase ID 351--------
ipc_rate : 1.65
-------- Phase Counters Phase ID 352--------
commit_count : 10000
cycle_count : 4635
-------- Phase Rates Phase ID 352--------
ipc_rate : 2.16
-------- Phase Counters Phase ID 353--------
commit_count : 10000
cycle_count : 4828
-------- Phase Rates Phase ID 353--------
ipc_rate : 2.07
-------- Phase Counters Phase ID 354--------
commit_count : 10000
cycle_count : 4667
-------- Phase Rates Phase ID 354--------
ipc_rate : 2.14
-------- Phase Counters Phase ID 355--------
commit_count : 10000
cycle_count : 4541
-------- Phase Rates Phase ID 355--------
ipc_rate : 2.20
-------- Phase Counters Phase ID 356--------
commit_count : 10000
cycle_count : 6230
-------- Phase Rates Phase ID 356--------
ipc_rate : 1.61
-------- Phase Counters Phase ID 357--------
commit_count : 10000
cycle_count : 5596
-------- Phase Rates Phase ID 357--------
ipc_rate : 1.79
-------- Phase Counters Phase ID 358--------
commit_count : 10000
cycle_count : 5528
-------- Phase Rates Phase ID 358--------
ipc_rate : 1.81
-------- Phase Counters Phase ID 359--------
commit_count : 10000
cycle_count : 5643
-------- Phase Rates Phase ID 359--------
ipc_rate : 1.77
-------- Phase Counters Phase ID 360--------
commit_count : 10000
cycle_count : 6755
-------- Phase Rates Phase ID 360--------
ipc_rate : 1.48
-------- Phase Counters Phase ID 361--------
commit_count : 10000
cycle_count : 5283
-------- Phase Rates Phase ID 361--------
ipc_rate : 1.89
-------- Phase Counters Phase ID 362--------
commit_count : 10000
cycle_count : 5234
-------- Phase Rates Phase ID 362--------
ipc_rate : 1.91
-------- Phase Counters Phase ID 363--------
commit_count : 10000
cycle_count : 4778
-------- Phase Rates Phase ID 363--------
ipc_rate : 2.09
-------- Phase Counters Phase ID 364--------
commit_count : 10000
cycle_count : 5643
-------- Phase Rates Phase ID 364--------
ipc_rate : 1.77
-------- Phase Counters Phase ID 365--------
commit_count : 10000
cycle_count : 5986
-------- Phase Rates Phase ID 365--------
ipc_rate : 1.67
-------- Phase Counters Phase ID 366--------
commit_count : 10000
cycle_count : 4773
-------- Phase Rates Phase ID 366--------
ipc_rate : 2.10
-------- Phase Counters Phase ID 367--------
commit_count : 10000
cycle_count : 5523
-------- Phase Rates Phase ID 367--------
ipc_rate : 1.81
-------- Phase Counters Phase ID 368--------
commit_count : 10000
cycle_count : 4156
-------- Phase Rates Phase ID 368--------
ipc_rate : 2.41
-------- Phase Counters Phase ID 369--------
commit_count : 10000
cycle_count : 3570
-------- Phase Rates Phase ID 369--------
ipc_rate : 2.80
-------- Phase Counters Phase ID 370--------
commit_count : 10000
cycle_count : 5360
-------- Phase Rates Phase ID 370--------
ipc_rate : 1.87
-------- Phase Counters Phase ID 371--------
commit_count : 10000
cycle_count : 5279
-------- Phase Rates Phase ID 371--------
ipc_rate : 1.89
-------- Phase Counters Phase ID 372--------
commit_count : 10000
cycle_count : 5741
-------- Phase Rates Phase ID 372--------
ipc_rate : 1.74
-------- Phase Counters Phase ID 373--------
commit_count : 10000
cycle_count : 5451
-------- Phase Rates Phase ID 373--------
ipc_rate : 1.83
-------- Phase Counters Phase ID 374--------
commit_count : 10000
cycle_count : 6244
-------- Phase Rates Phase ID 374--------
ipc_rate : 1.60
-------- Phase Counters Phase ID 375--------
commit_count : 10000
cycle_count : 4567
-------- Phase Rates Phase ID 375--------
ipc_rate : 2.19
-------- Phase Counters Phase ID 376--------
commit_count : 10000
cycle_count : 5572
-------- Phase Rates Phase ID 376--------
ipc_rate : 1.79
-------- Phase Counters Phase ID 377--------
commit_count : 10000
cycle_count : 3833
-------- Phase Rates Phase ID 377--------
ipc_rate : 2.61
-------- Phase Counters Phase ID 378--------
commit_count : 10000
cycle_count : 3792
-------- Phase Rates Phase ID 378--------
ipc_rate : 2.64
-------- Phase Counters Phase ID 379--------
commit_count : 10000
cycle_count : 5977
-------- Phase Rates Phase ID 379--------
ipc_rate : 1.67
-------- Phase Counters Phase ID 380--------
commit_count : 10000
cycle_count : 4895
-------- Phase Rates Phase ID 380--------
ipc_rate : 2.04
-------- Phase Counters Phase ID 381--------
commit_count : 10000
cycle_count : 5251
-------- Phase Rates Phase ID 381--------
ipc_rate : 1.90
-------- Phase Counters Phase ID 382--------
commit_count : 10000
cycle_count : 5904
-------- Phase Rates Phase ID 382--------
ipc_rate : 1.69
-------- Phase Counters Phase ID 383--------
commit_count : 10000
cycle_count : 5227
-------- Phase Rates Phase ID 383--------
ipc_rate : 1.91
-------- Phase Counters Phase ID 384--------
commit_count : 10000
cycle_count : 4535
-------- Phase Rates Phase ID 384--------
ipc_rate : 2.21
-------- Phase Counters Phase ID 385--------
commit_count : 10000
cycle_count : 5571
-------- Phase Rates Phase ID 385--------
ipc_rate : 1.80
-------- Phase Counters Phase ID 386--------
commit_count : 10000
cycle_count : 5076
-------- Phase Rates Phase ID 386--------
ipc_rate : 1.97
-------- Phase Counters Phase ID 387--------
commit_count : 10000
cycle_count : 4588
-------- Phase Rates Phase ID 387--------
ipc_rate : 2.18
-------- Phase Counters Phase ID 388--------
commit_count : 10000
cycle_count : 5143
-------- Phase Rates Phase ID 388--------
ipc_rate : 1.94
-------- Phase Counters Phase ID 389--------
commit_count : 10000
cycle_count : 4794
-------- Phase Rates Phase ID 389--------
ipc_rate : 2.09
-------- Phase Counters Phase ID 390--------
commit_count : 10000
cycle_count : 5355
-------- Phase Rates Phase ID 390--------
ipc_rate : 1.87
-------- Phase Counters Phase ID 391--------
commit_count : 10000
cycle_count : 7017
-------- Phase Rates Phase ID 391--------
ipc_rate : 1.43
-------- Phase Counters Phase ID 392--------
commit_count : 10000
cycle_count : 5725
-------- Phase Rates Phase ID 392--------
ipc_rate : 1.75
-------- Phase Counters Phase ID 393--------
commit_count : 10000
cycle_count : 5201
-------- Phase Rates Phase ID 393--------
ipc_rate : 1.92
-------- Phase Counters Phase ID 394--------
commit_count : 10000
cycle_count : 4568
-------- Phase Rates Phase ID 394--------
ipc_rate : 2.19
-------- Phase Counters Phase ID 395--------
commit_count : 10000
cycle_count : 5286
-------- Phase Rates Phase ID 395--------
ipc_rate : 1.89
-------- Phase Counters Phase ID 396--------
commit_count : 10000
cycle_count : 3786
-------- Phase Rates Phase ID 396--------
ipc_rate : 2.64
-------- Phase Counters Phase ID 397--------
commit_count : 10000
cycle_count : 3965
-------- Phase Rates Phase ID 397--------
ipc_rate : 2.52
-------- Phase Counters Phase ID 398--------
commit_count : 10000
cycle_count : 5774
-------- Phase Rates Phase ID 398--------
ipc_rate : 1.73
-------- Phase Counters Phase ID 399--------
commit_count : 10000
cycle_count : 4915
-------- Phase Rates Phase ID 399--------
ipc_rate : 2.03
-------- Phase Counters Phase ID 400--------
commit_count : 10000
cycle_count : 6841
-------- Phase Rates Phase ID 400--------
ipc_rate : 1.46
-------- Phase Counters Phase ID 401--------
commit_count : 10000
cycle_count : 7176
-------- Phase Rates Phase ID 401--------
ipc_rate : 1.39
-------- Phase Counters Phase ID 402--------
commit_count : 10000
cycle_count : 7290
-------- Phase Rates Phase ID 402--------
ipc_rate : 1.37
-------- Phase Counters Phase ID 403--------
commit_count : 10000
cycle_count : 6326
-------- Phase Rates Phase ID 403--------
ipc_rate : 1.58
-------- Phase Counters Phase ID 404--------
commit_count : 10000
cycle_count : 6513
-------- Phase Rates Phase ID 404--------
ipc_rate : 1.54
-------- Phase Counters Phase ID 405--------
commit_count : 10000
cycle_count : 7182
-------- Phase Rates Phase ID 405--------
ipc_rate : 1.39
-------- Phase Counters Phase ID 406--------
commit_count : 10000
cycle_count : 5845
-------- Phase Rates Phase ID 406--------
ipc_rate : 1.71
-------- Phase Counters Phase ID 407--------
commit_count : 10000
cycle_count : 5557
-------- Phase Rates Phase ID 407--------
ipc_rate : 1.80
-------- Phase Counters Phase ID 408--------
commit_count : 10000
cycle_count : 6951
-------- Phase Rates Phase ID 408--------
ipc_rate : 1.44
-------- Phase Counters Phase ID 409--------
commit_count : 10000
cycle_count : 6291
-------- Phase Rates Phase ID 409--------
ipc_rate : 1.59
-------- Phase Counters Phase ID 410--------
commit_count : 10000
cycle_count : 5033
-------- Phase Rates Phase ID 410--------
ipc_rate : 1.99
-------- Phase Counters Phase ID 411--------
commit_count : 10000
cycle_count : 4929
-------- Phase Rates Phase ID 411--------
ipc_rate : 2.03
-------- Phase Counters Phase ID 412--------
commit_count : 10000
cycle_count : 4237
-------- Phase Rates Phase ID 412--------
ipc_rate : 2.36
-------- Phase Counters Phase ID 413--------
commit_count : 10000
cycle_count : 6089
-------- Phase Rates Phase ID 413--------
ipc_rate : 1.64
-------- Phase Counters Phase ID 414--------
commit_count : 10000
cycle_count : 4969
-------- Phase Rates Phase ID 414--------
ipc_rate : 2.01
-------- Phase Counters Phase ID 415--------
commit_count : 10000
cycle_count : 5539
-------- Phase Rates Phase ID 415--------
ipc_rate : 1.81
-------- Phase Counters Phase ID 416--------
commit_count : 10000
cycle_count : 5885
-------- Phase Rates Phase ID 416--------
ipc_rate : 1.70
-------- Phase Counters Phase ID 417--------
commit_count : 10000
cycle_count : 4515
-------- Phase Rates Phase ID 417--------
ipc_rate : 2.21
-------- Phase Counters Phase ID 418--------
commit_count : 10000
cycle_count : 5459
-------- Phase Rates Phase ID 418--------
ipc_rate : 1.83
-------- Phase Counters Phase ID 419--------
commit_count : 10000
cycle_count : 3918
-------- Phase Rates Phase ID 419--------
ipc_rate : 2.55
-------- Phase Counters Phase ID 420--------
commit_count : 10000
cycle_count : 3857
-------- Phase Rates Phase ID 420--------
ipc_rate : 2.59
-------- Phase Counters Phase ID 421--------
commit_count : 10000
cycle_count : 5810
-------- Phase Rates Phase ID 421--------
ipc_rate : 1.72
-------- Phase Counters Phase ID 422--------
commit_count : 10000
cycle_count : 4741
-------- Phase Rates Phase ID 422--------
ipc_rate : 2.11
-------- Phase Counters Phase ID 423--------
commit_count : 10000
cycle_count : 5572
-------- Phase Rates Phase ID 423--------
ipc_rate : 1.79
-------- Phase Counters Phase ID 424--------
commit_count : 10000
cycle_count : 5616
-------- Phase Rates Phase ID 424--------
ipc_rate : 1.78
-------- Phase Counters Phase ID 425--------
commit_count : 10000
cycle_count : 5637
-------- Phase Rates Phase ID 425--------
ipc_rate : 1.77
-------- Phase Counters Phase ID 426--------
commit_count : 10000
cycle_count : 4952
-------- Phase Rates Phase ID 426--------
ipc_rate : 2.02
-------- Phase Counters Phase ID 427--------
commit_count : 10000
cycle_count : 5194
-------- Phase Rates Phase ID 427--------
ipc_rate : 1.93
-------- Phase Counters Phase ID 428--------
commit_count : 10000
cycle_count : 3711
-------- Phase Rates Phase ID 428--------
ipc_rate : 2.69
-------- Phase Counters Phase ID 429--------
commit_count : 10000
cycle_count : 4133
-------- Phase Rates Phase ID 429--------
ipc_rate : 2.42
-------- Phase Counters Phase ID 430--------
commit_count : 10000
cycle_count : 5871
-------- Phase Rates Phase ID 430--------
ipc_rate : 1.70
-------- Phase Counters Phase ID 431--------
commit_count : 10000
cycle_count : 4967
-------- Phase Rates Phase ID 431--------
ipc_rate : 2.01
-------- Phase Counters Phase ID 432--------
commit_count : 10000
cycle_count : 5829
-------- Phase Rates Phase ID 432--------
ipc_rate : 1.72
-------- Phase Counters Phase ID 433--------
commit_count : 10000
cycle_count : 5416
-------- Phase Rates Phase ID 433--------
ipc_rate : 1.85
-------- Phase Counters Phase ID 434--------
commit_count : 10000
cycle_count : 4488
-------- Phase Rates Phase ID 434--------
ipc_rate : 2.23
-------- Phase Counters Phase ID 435--------
commit_count : 10000
cycle_count : 5410
-------- Phase Rates Phase ID 435--------
ipc_rate : 1.85
-------- Phase Counters Phase ID 436--------
commit_count : 10000
cycle_count : 3826
-------- Phase Rates Phase ID 436--------
ipc_rate : 2.61
-------- Phase Counters Phase ID 437--------
commit_count : 10000
cycle_count : 3771
-------- Phase Rates Phase ID 437--------
ipc_rate : 2.65
-------- Phase Counters Phase ID 438--------
commit_count : 10000
cycle_count : 5761
-------- Phase Rates Phase ID 438--------
ipc_rate : 1.74
-------- Phase Counters Phase ID 439--------
commit_count : 10000
cycle_count : 5019
-------- Phase Rates Phase ID 439--------
ipc_rate : 1.99
-------- Phase Counters Phase ID 440--------
commit_count : 10000
cycle_count : 5753
-------- Phase Rates Phase ID 440--------
ipc_rate : 1.74
-------- Phase Counters Phase ID 441--------
commit_count : 10000
cycle_count : 5499
-------- Phase Rates Phase ID 441--------
ipc_rate : 1.82
-------- Phase Counters Phase ID 442--------
commit_count : 10000
cycle_count : 4636
-------- Phase Rates Phase ID 442--------
ipc_rate : 2.16
-------- Phase Counters Phase ID 443--------
commit_count : 10000
cycle_count : 5754
-------- Phase Rates Phase ID 443--------
ipc_rate : 1.74
-------- Phase Counters Phase ID 444--------
commit_count : 10000
cycle_count : 7577
-------- Phase Rates Phase ID 444--------
ipc_rate : 1.32
-------- Phase Counters Phase ID 445--------
commit_count : 10000
cycle_count : 7080
-------- Phase Rates Phase ID 445--------
ipc_rate : 1.41
-------- Phase Counters Phase ID 446--------
commit_count : 10000
cycle_count : 5935
-------- Phase Rates Phase ID 446--------
ipc_rate : 1.68
-------- Phase Counters Phase ID 447--------
commit_count : 10000
cycle_count : 6333
-------- Phase Rates Phase ID 447--------
ipc_rate : 1.58
-------- Phase Counters Phase ID 448--------
commit_count : 10000
cycle_count : 5990
-------- Phase Rates Phase ID 448--------
ipc_rate : 1.67
-------- Phase Counters Phase ID 449--------
commit_count : 10000
cycle_count : 4728
-------- Phase Rates Phase ID 449--------
ipc_rate : 2.12
-------- Phase Counters Phase ID 450--------
commit_count : 10000
cycle_count : 5524
-------- Phase Rates Phase ID 450--------
ipc_rate : 1.81
-------- Phase Counters Phase ID 451--------
commit_count : 10000
cycle_count : 6450
-------- Phase Rates Phase ID 451--------
ipc_rate : 1.55
-------- Phase Counters Phase ID 452--------
commit_count : 10000
cycle_count : 6602
-------- Phase Rates Phase ID 452--------
ipc_rate : 1.51
-------- Phase Counters Phase ID 453--------
commit_count : 10000
cycle_count : 5865
-------- Phase Rates Phase ID 453--------
ipc_rate : 1.71
-------- Phase Counters Phase ID 454--------
commit_count : 10000
cycle_count : 5694
-------- Phase Rates Phase ID 454--------
ipc_rate : 1.76
-------- Phase Counters Phase ID 455--------
commit_count : 10000
cycle_count : 5120
-------- Phase Rates Phase ID 455--------
ipc_rate : 1.95
-------- Phase Counters Phase ID 456--------
commit_count : 10000
cycle_count : 5068
-------- Phase Rates Phase ID 456--------
ipc_rate : 1.97
-------- Phase Counters Phase ID 457--------
commit_count : 10000
cycle_count : 5378
-------- Phase Rates Phase ID 457--------
ipc_rate : 1.86
-------- Phase Counters Phase ID 458--------
commit_count : 10000
cycle_count : 5710
-------- Phase Rates Phase ID 458--------
ipc_rate : 1.75
-------- Phase Counters Phase ID 459--------
commit_count : 10000
cycle_count : 5317
-------- Phase Rates Phase ID 459--------
ipc_rate : 1.88
-------- Phase Counters Phase ID 460--------
commit_count : 10000
cycle_count : 7110
-------- Phase Rates Phase ID 460--------
ipc_rate : 1.41
-------- Phase Counters Phase ID 461--------
commit_count : 10000
cycle_count : 6179
-------- Phase Rates Phase ID 461--------
ipc_rate : 1.62
-------- Phase Counters Phase ID 462--------
commit_count : 10000
cycle_count : 4824
-------- Phase Rates Phase ID 462--------
ipc_rate : 2.07
-------- Phase Counters Phase ID 463--------
commit_count : 10000
cycle_count : 5585
-------- Phase Rates Phase ID 463--------
ipc_rate : 1.79
-------- Phase Counters Phase ID 464--------
commit_count : 10000
cycle_count : 4996
-------- Phase Rates Phase ID 464--------
ipc_rate : 2.00
-------- Phase Counters Phase ID 465--------
commit_count : 10000
cycle_count : 4770
-------- Phase Rates Phase ID 465--------
ipc_rate : 2.10
-------- Phase Counters Phase ID 466--------
commit_count : 10000
cycle_count : 5322
-------- Phase Rates Phase ID 466--------
ipc_rate : 1.88
-------- Phase Counters Phase ID 467--------
commit_count : 10000
cycle_count : 4865
-------- Phase Rates Phase ID 467--------
ipc_rate : 2.06
-------- Phase Counters Phase ID 468--------
commit_count : 10000
cycle_count : 6420
-------- Phase Rates Phase ID 468--------
ipc_rate : 1.56
-------- Phase Counters Phase ID 469--------
commit_count : 10000
cycle_count : 6839
-------- Phase Rates Phase ID 469--------
ipc_rate : 1.46
-------- Phase Counters Phase ID 470--------
commit_count : 10000
cycle_count : 6077
-------- Phase Rates Phase ID 470--------
ipc_rate : 1.65
-------- Phase Counters Phase ID 471--------
commit_count : 10000
cycle_count : 6629
-------- Phase Rates Phase ID 471--------
ipc_rate : 1.51
-------- Phase Counters Phase ID 472--------
commit_count : 10000
cycle_count : 6117
-------- Phase Rates Phase ID 472--------
ipc_rate : 1.63
-------- Phase Counters Phase ID 473--------
commit_count : 10000
cycle_count : 6077
-------- Phase Rates Phase ID 473--------
ipc_rate : 1.65
-------- Phase Counters Phase ID 474--------
commit_count : 10000
cycle_count : 6279
-------- Phase Rates Phase ID 474--------
ipc_rate : 1.59
-------- Phase Counters Phase ID 475--------
commit_count : 10000
cycle_count : 5679
-------- Phase Rates Phase ID 475--------
ipc_rate : 1.76
-------- Phase Counters Phase ID 476--------
commit_count : 10000
cycle_count : 5759
-------- Phase Rates Phase ID 476--------
ipc_rate : 1.74
-------- Phase Counters Phase ID 477--------
commit_count : 10000
cycle_count : 6832
-------- Phase Rates Phase ID 477--------
ipc_rate : 1.46
-------- Phase Counters Phase ID 478--------
commit_count : 10000
cycle_count : 5584
-------- Phase Rates Phase ID 478--------
ipc_rate : 1.79
-------- Phase Counters Phase ID 479--------
commit_count : 10000
cycle_count : 5632
-------- Phase Rates Phase ID 479--------
ipc_rate : 1.78
-------- Phase Counters Phase ID 480--------
commit_count : 10000
cycle_count : 4994
-------- Phase Rates Phase ID 480--------
ipc_rate : 2.00
-------- Phase Counters Phase ID 481--------
commit_count : 10000
cycle_count : 4880
-------- Phase Rates Phase ID 481--------
ipc_rate : 2.05
-------- Phase Counters Phase ID 482--------
commit_count : 10000
cycle_count : 7487
-------- Phase Rates Phase ID 482--------
ipc_rate : 1.34
-------- Phase Counters Phase ID 483--------
commit_count : 10000
cycle_count : 6818
-------- Phase Rates Phase ID 483--------
ipc_rate : 1.47
-------- Phase Counters Phase ID 484--------
commit_count : 10000
cycle_count : 5995
-------- Phase Rates Phase ID 484--------
ipc_rate : 1.67
-------- Phase Counters Phase ID 485--------
commit_count : 10000
cycle_count : 5650
-------- Phase Rates Phase ID 485--------
ipc_rate : 1.77
-------- Phase Counters Phase ID 486--------
commit_count : 10000
cycle_count : 5193
-------- Phase Rates Phase ID 486--------
ipc_rate : 1.93
-------- Phase Counters Phase ID 487--------
commit_count : 10000
cycle_count : 4875
-------- Phase Rates Phase ID 487--------
ipc_rate : 2.05
-------- Phase Counters Phase ID 488--------
commit_count : 10000
cycle_count : 4440
-------- Phase Rates Phase ID 488--------
ipc_rate : 2.25
-------- Phase Counters Phase ID 489--------
commit_count : 10000
cycle_count : 6839
-------- Phase Rates Phase ID 489--------
ipc_rate : 1.46
-------- Phase Counters Phase ID 490--------
commit_count : 10000
cycle_count : 6623
-------- Phase Rates Phase ID 490--------
ipc_rate : 1.51
-------- Phase Counters Phase ID 491--------
commit_count : 10000
cycle_count : 5173
-------- Phase Rates Phase ID 491--------
ipc_rate : 1.93
-------- Phase Counters Phase ID 492--------
commit_count : 10000
cycle_count : 5134
-------- Phase Rates Phase ID 492--------
ipc_rate : 1.95
-------- Phase Counters Phase ID 493--------
commit_count : 10000
cycle_count : 5536
-------- Phase Rates Phase ID 493--------
ipc_rate : 1.81
-------- Phase Counters Phase ID 494--------
commit_count : 10000
cycle_count : 6132
-------- Phase Rates Phase ID 494--------
ipc_rate : 1.63
-------- Phase Counters Phase ID 495--------
commit_count : 10000
cycle_count : 5915
-------- Phase Rates Phase ID 495--------
ipc_rate : 1.69
-------- Phase Counters Phase ID 496--------
commit_count : 10000
cycle_count : 5959
-------- Phase Rates Phase ID 496--------
ipc_rate : 1.68
-------- Phase Counters Phase ID 497--------
commit_count : 10000
cycle_count : 5932
-------- Phase Rates Phase ID 497--------
ipc_rate : 1.69
-------- Phase Counters Phase ID 498--------
commit_count : 10000
cycle_count : 5457
-------- Phase Rates Phase ID 498--------
ipc_rate : 1.83
-------- Phase Counters Phase ID 499--------
commit_count : 10000
cycle_count : 5534
-------- Phase Rates Phase ID 499--------
ipc_rate : 1.81
-------- Phase Counters Phase ID 500--------
commit_count : 10000
cycle_count : 6276
-------- Phase Rates Phase ID 500--------
ipc_rate : 1.59
-------- Phase Counters Phase ID 501--------
commit_count : 10000
cycle_count : 6326
-------- Phase Rates Phase ID 501--------
ipc_rate : 1.58
-------- Phase Counters Phase ID 502--------
commit_count : 10000
cycle_count : 5934
-------- Phase Rates Phase ID 502--------
ipc_rate : 1.69
-------- Phase Counters Phase ID 503--------
commit_count : 10000
cycle_count : 6281
-------- Phase Rates Phase ID 503--------
ipc_rate : 1.59
-------- Phase Counters Phase ID 504--------
commit_count : 10000
cycle_count : 6421
-------- Phase Rates Phase ID 504--------
ipc_rate : 1.56
-------- Phase Counters Phase ID 505--------
commit_count : 10000
cycle_count : 6321
-------- Phase Rates Phase ID 505--------
ipc_rate : 1.58
-------- Phase Counters Phase ID 506--------
commit_count : 10000
cycle_count : 6302
-------- Phase Rates Phase ID 506--------
ipc_rate : 1.59
-------- Phase Counters Phase ID 507--------
commit_count : 10000
cycle_count : 5221
-------- Phase Rates Phase ID 507--------
ipc_rate : 1.92
-------- Phase Counters Phase ID 508--------
commit_count : 10000
cycle_count : 5146
-------- Phase Rates Phase ID 508--------
ipc_rate : 1.94
-------- Phase Counters Phase ID 509--------
commit_count : 10000
cycle_count : 5048
-------- Phase Rates Phase ID 509--------
ipc_rate : 1.98
-------- Phase Counters Phase ID 510--------
commit_count : 10000
cycle_count : 5727
-------- Phase Rates Phase ID 510--------
ipc_rate : 1.75
-------- Phase Counters Phase ID 511--------
commit_count : 10000
cycle_count : 6455
-------- Phase Rates Phase ID 511--------
ipc_rate : 1.55
-------- Phase Counters Phase ID 512--------
commit_count : 10000
cycle_count : 5491
-------- Phase Rates Phase ID 512--------
ipc_rate : 1.82
-------- Phase Counters Phase ID 513--------
commit_count : 10000
cycle_count : 5828
-------- Phase Rates Phase ID 513--------
ipc_rate : 1.72
-------- Phase Counters Phase ID 514--------
commit_count : 10000
cycle_count : 6285
-------- Phase Rates Phase ID 514--------
ipc_rate : 1.59
-------- Phase Counters Phase ID 515--------
commit_count : 10000
cycle_count : 5967
-------- Phase Rates Phase ID 515--------
ipc_rate : 1.68
-------- Phase Counters Phase ID 516--------
commit_count : 10000
cycle_count : 5782
-------- Phase Rates Phase ID 516--------
ipc_rate : 1.73
-------- Phase Counters Phase ID 517--------
commit_count : 10000
cycle_count : 5908
-------- Phase Rates Phase ID 517--------
ipc_rate : 1.69
-------- Phase Counters Phase ID 518--------
commit_count : 10000
cycle_count : 5884
-------- Phase Rates Phase ID 518--------
ipc_rate : 1.70
-------- Phase Counters Phase ID 519--------
commit_count : 10000
cycle_count : 5786
-------- Phase Rates Phase ID 519--------
ipc_rate : 1.73
-------- Phase Counters Phase ID 520--------
commit_count : 10000
cycle_count : 6103
-------- Phase Rates Phase ID 520--------
ipc_rate : 1.64
-------- Phase Counters Phase ID 521--------
commit_count : 10000
cycle_count : 6894
-------- Phase Rates Phase ID 521--------
ipc_rate : 1.45
-------- Phase Counters Phase ID 522--------
commit_count : 10000
cycle_count : 6054
-------- Phase Rates Phase ID 522--------
ipc_rate : 1.65
-------- Phase Counters Phase ID 523--------
commit_count : 10000
cycle_count : 5954
-------- Phase Rates Phase ID 523--------
ipc_rate : 1.68
-------- Phase Counters Phase ID 524--------
commit_count : 10000
cycle_count : 6121
-------- Phase Rates Phase ID 524--------
ipc_rate : 1.63
-------- Phase Counters Phase ID 525--------
commit_count : 10000
cycle_count : 6194
-------- Phase Rates Phase ID 525--------
ipc_rate : 1.61
-------- Phase Counters Phase ID 526--------
commit_count : 10000
cycle_count : 5275
-------- Phase Rates Phase ID 526--------
ipc_rate : 1.90
-------- Phase Counters Phase ID 527--------
commit_count : 10000
cycle_count : 5890
-------- Phase Rates Phase ID 527--------
ipc_rate : 1.70
-------- Phase Counters Phase ID 528--------
commit_count : 10000
cycle_count : 5234
-------- Phase Rates Phase ID 528--------
ipc_rate : 1.91
-------- Phase Counters Phase ID 529--------
commit_count : 10000
cycle_count : 5673
-------- Phase Rates Phase ID 529--------
ipc_rate : 1.76
-------- Phase Counters Phase ID 530--------
commit_count : 10000
cycle_count : 6027
-------- Phase Rates Phase ID 530--------
ipc_rate : 1.66
-------- Phase Counters Phase ID 531--------
commit_count : 10000
cycle_count : 4493
-------- Phase Rates Phase ID 531--------
ipc_rate : 2.23
-------- Phase Counters Phase ID 532--------
commit_count : 10000
cycle_count : 5833
-------- Phase Rates Phase ID 532--------
ipc_rate : 1.71
-------- Phase Counters Phase ID 533--------
commit_count : 10000
cycle_count : 4826
-------- Phase Rates Phase ID 533--------
ipc_rate : 2.07
-------- Phase Counters Phase ID 534--------
commit_count : 10000
cycle_count : 5328
-------- Phase Rates Phase ID 534--------
ipc_rate : 1.88
-------- Phase Counters Phase ID 535--------
commit_count : 10000
cycle_count : 4542
-------- Phase Rates Phase ID 535--------
ipc_rate : 2.20
-------- Phase Counters Phase ID 536--------
commit_count : 10000
cycle_count : 5565
-------- Phase Rates Phase ID 536--------
ipc_rate : 1.80
-------- Phase Counters Phase ID 537--------
commit_count : 10000
cycle_count : 5612
-------- Phase Rates Phase ID 537--------
ipc_rate : 1.78
-------- Phase Counters Phase ID 538--------
commit_count : 10000
cycle_count : 6154
-------- Phase Rates Phase ID 538--------
ipc_rate : 1.62
-------- Phase Counters Phase ID 539--------
commit_count : 10000
cycle_count : 6555
-------- Phase Rates Phase ID 539--------
ipc_rate : 1.53
-------- Phase Counters Phase ID 540--------
commit_count : 10000
cycle_count : 4533
-------- Phase Rates Phase ID 540--------
ipc_rate : 2.21
-------- Phase Counters Phase ID 541--------
commit_count : 10000
cycle_count : 6389
-------- Phase Rates Phase ID 541--------
ipc_rate : 1.57
-------- Phase Counters Phase ID 542--------
commit_count : 10000
cycle_count : 6132
-------- Phase Rates Phase ID 542--------
ipc_rate : 1.63
-------- Phase Counters Phase ID 543--------
commit_count : 10000
cycle_count : 5679
-------- Phase Rates Phase ID 543--------
ipc_rate : 1.76
-------- Phase Counters Phase ID 544--------
commit_count : 10000
cycle_count : 4954
-------- Phase Rates Phase ID 544--------
ipc_rate : 2.02
-------- Phase Counters Phase ID 545--------
commit_count : 10000
cycle_count : 5131
-------- Phase Rates Phase ID 545--------
ipc_rate : 1.95
-------- Phase Counters Phase ID 546--------
commit_count : 10000
cycle_count : 5134
-------- Phase Rates Phase ID 546--------
ipc_rate : 1.95
-------- Phase Counters Phase ID 547--------
commit_count : 10000
cycle_count : 5983
-------- Phase Rates Phase ID 547--------
ipc_rate : 1.67
-------- Phase Counters Phase ID 548--------
commit_count : 10000
cycle_count : 5422
-------- Phase Rates Phase ID 548--------
ipc_rate : 1.84
-------- Phase Counters Phase ID 549--------
commit_count : 10000
cycle_count : 6117
-------- Phase Rates Phase ID 549--------
ipc_rate : 1.63
-------- Phase Counters Phase ID 550--------
commit_count : 10000
cycle_count : 4849
-------- Phase Rates Phase ID 550--------
ipc_rate : 2.06
-------- Phase Counters Phase ID 551--------
commit_count : 10000
cycle_count : 3668
-------- Phase Rates Phase ID 551--------
ipc_rate : 2.73
-------- Phase Counters Phase ID 552--------
commit_count : 10000
cycle_count : 5739
-------- Phase Rates Phase ID 552--------
ipc_rate : 1.74
-------- Phase Counters Phase ID 553--------
commit_count : 10000
cycle_count : 5398
-------- Phase Rates Phase ID 553--------
ipc_rate : 1.85
-------- Phase Counters Phase ID 554--------
commit_count : 10000
cycle_count : 5778
-------- Phase Rates Phase ID 554--------
ipc_rate : 1.73
-------- Phase Counters Phase ID 555--------
commit_count : 10000
cycle_count : 4849
-------- Phase Rates Phase ID 555--------
ipc_rate : 2.06
-------- Phase Counters Phase ID 556--------
commit_count : 10000
cycle_count : 5745
-------- Phase Rates Phase ID 556--------
ipc_rate : 1.74
-------- Phase Counters Phase ID 557--------
commit_count : 10000
cycle_count : 4929
-------- Phase Rates Phase ID 557--------
ipc_rate : 2.03
-------- Phase Counters Phase ID 558--------
commit_count : 10000
cycle_count : 4111
-------- Phase Rates Phase ID 558--------
ipc_rate : 2.43
-------- Phase Counters Phase ID 559--------
commit_count : 10000
cycle_count : 5085
-------- Phase Rates Phase ID 559--------
ipc_rate : 1.97
-------- Phase Counters Phase ID 560--------
commit_count : 10000
cycle_count : 5732
-------- Phase Rates Phase ID 560--------
ipc_rate : 1.74
-------- Phase Counters Phase ID 561--------
commit_count : 10000
cycle_count : 5749
-------- Phase Rates Phase ID 561--------
ipc_rate : 1.74
-------- Phase Counters Phase ID 562--------
commit_count : 10000
cycle_count : 5115
-------- Phase Rates Phase ID 562--------
ipc_rate : 1.96
-------- Phase Counters Phase ID 563--------
commit_count : 10000
cycle_count : 5464
-------- Phase Rates Phase ID 563--------
ipc_rate : 1.83
-------- Phase Counters Phase ID 564--------
commit_count : 10000
cycle_count : 6673
-------- Phase Rates Phase ID 564--------
ipc_rate : 1.50
-------- Phase Counters Phase ID 565--------
commit_count : 10000
cycle_count : 5030
-------- Phase Rates Phase ID 565--------
ipc_rate : 1.99
-------- Phase Counters Phase ID 566--------
commit_count : 10000
cycle_count : 5512
-------- Phase Rates Phase ID 566--------
ipc_rate : 1.81
-------- Phase Counters Phase ID 567--------
commit_count : 10000
cycle_count : 4232
-------- Phase Rates Phase ID 567--------
ipc_rate : 2.36
-------- Phase Counters Phase ID 568--------
commit_count : 10000
cycle_count : 5312
-------- Phase Rates Phase ID 568--------
ipc_rate : 1.88
-------- Phase Counters Phase ID 569--------
commit_count : 10000
cycle_count : 5712
-------- Phase Rates Phase ID 569--------
ipc_rate : 1.75
-------- Phase Counters Phase ID 570--------
commit_count : 10000
cycle_count : 7114
-------- Phase Rates Phase ID 570--------
ipc_rate : 1.41
-------- Phase Counters Phase ID 571--------
commit_count : 10000
cycle_count : 6713
-------- Phase Rates Phase ID 571--------
ipc_rate : 1.49
-------- Phase Counters Phase ID 572--------
commit_count : 10000
cycle_count : 5119
-------- Phase Rates Phase ID 572--------
ipc_rate : 1.95
-------- Phase Counters Phase ID 573--------
commit_count : 10000
cycle_count : 5501
-------- Phase Rates Phase ID 573--------
ipc_rate : 1.82
-------- Phase Counters Phase ID 574--------
commit_count : 10000
cycle_count : 3824
-------- Phase Rates Phase ID 574--------
ipc_rate : 2.62
-------- Phase Counters Phase ID 575--------
commit_count : 10000
cycle_count : 4639
-------- Phase Rates Phase ID 575--------
ipc_rate : 2.16
-------- Phase Counters Phase ID 576--------
commit_count : 10000
cycle_count : 6271
-------- Phase Rates Phase ID 576--------
ipc_rate : 1.59
-------- Phase Counters Phase ID 577--------
commit_count : 10000
cycle_count : 6514
-------- Phase Rates Phase ID 577--------
ipc_rate : 1.54
-------- Phase Counters Phase ID 578--------
commit_count : 10000
cycle_count : 6146
-------- Phase Rates Phase ID 578--------
ipc_rate : 1.63
-------- Phase Counters Phase ID 579--------
commit_count : 10000
cycle_count : 5306
-------- Phase Rates Phase ID 579--------
ipc_rate : 1.88
-------- Phase Counters Phase ID 580--------
commit_count : 10000
cycle_count : 6485
-------- Phase Rates Phase ID 580--------
ipc_rate : 1.54
-------- Phase Counters Phase ID 581--------
commit_count : 10000
cycle_count : 5833
-------- Phase Rates Phase ID 581--------
ipc_rate : 1.71
-------- Phase Counters Phase ID 582--------
commit_count : 10000
cycle_count : 6136
-------- Phase Rates Phase ID 582--------
ipc_rate : 1.63
-------- Phase Counters Phase ID 583--------
commit_count : 10000
cycle_count : 6011
-------- Phase Rates Phase ID 583--------
ipc_rate : 1.66
-------- Phase Counters Phase ID 584--------
commit_count : 10000
cycle_count : 5241
-------- Phase Rates Phase ID 584--------
ipc_rate : 1.91
-------- Phase Counters Phase ID 585--------
commit_count : 10000
cycle_count : 4906
-------- Phase Rates Phase ID 585--------
ipc_rate : 2.04
-------- Phase Counters Phase ID 586--------
commit_count : 10000
cycle_count : 4316
-------- Phase Rates Phase ID 586--------
ipc_rate : 2.32
-------- Phase Counters Phase ID 587--------
commit_count : 10000
cycle_count : 3454
-------- Phase Rates Phase ID 587--------
ipc_rate : 2.90
-------- Phase Counters Phase ID 588--------
commit_count : 10000
cycle_count : 5199
-------- Phase Rates Phase ID 588--------
ipc_rate : 1.92
-------- Phase Counters Phase ID 589--------
commit_count : 10000
cycle_count : 5020
-------- Phase Rates Phase ID 589--------
ipc_rate : 1.99
-------- Phase Counters Phase ID 590--------
commit_count : 10000
cycle_count : 4686
-------- Phase Rates Phase ID 590--------
ipc_rate : 2.13
-------- Phase Counters Phase ID 591--------
commit_count : 10000
cycle_count : 5044
-------- Phase Rates Phase ID 591--------
ipc_rate : 1.98
-------- Phase Counters Phase ID 592--------
commit_count : 10000
cycle_count : 5454
-------- Phase Rates Phase ID 592--------
ipc_rate : 1.83
-------- Phase Counters Phase ID 593--------
commit_count : 10000
cycle_count : 5046
-------- Phase Rates Phase ID 593--------
ipc_rate : 1.98
-------- Phase Counters Phase ID 594--------
commit_count : 10000
cycle_count : 6415
-------- Phase Rates Phase ID 594--------
ipc_rate : 1.56
-------- Phase Counters Phase ID 595--------
commit_count : 10000
cycle_count : 5972
-------- Phase Rates Phase ID 595--------
ipc_rate : 1.67
-------- Phase Counters Phase ID 596--------
commit_count : 10000
cycle_count : 4345
-------- Phase Rates Phase ID 596--------
ipc_rate : 2.30
-------- Phase Counters Phase ID 597--------
commit_count : 10000
cycle_count : 7107
-------- Phase Rates Phase ID 597--------
ipc_rate : 1.41
-------- Phase Counters Phase ID 598--------
commit_count : 10000
cycle_count : 6634
-------- Phase Rates Phase ID 598--------
ipc_rate : 1.51
-------- Phase Counters Phase ID 599--------
commit_count : 10000
cycle_count : 6613
-------- Phase Rates Phase ID 599--------
ipc_rate : 1.51
-------- Phase Counters Phase ID 600--------
commit_count : 10000
cycle_count : 5587
-------- Phase Rates Phase ID 600--------
ipc_rate : 1.79
-------- Phase Counters Phase ID 601--------
commit_count : 10000
cycle_count : 6028
-------- Phase Rates Phase ID 601--------
ipc_rate : 1.66
-------- Phase Counters Phase ID 602--------
commit_count : 10000
cycle_count : 5959
-------- Phase Rates Phase ID 602--------
ipc_rate : 1.68
-------- Phase Counters Phase ID 603--------
commit_count : 10000
cycle_count : 4948
-------- Phase Rates Phase ID 603--------
ipc_rate : 2.02
-------- Phase Counters Phase ID 604--------
commit_count : 10000
cycle_count : 5225
-------- Phase Rates Phase ID 604--------
ipc_rate : 1.91
-------- Phase Counters Phase ID 605--------
commit_count : 10000
cycle_count : 4023
-------- Phase Rates Phase ID 605--------
ipc_rate : 2.49
-------- Phase Counters Phase ID 606--------
commit_count : 10000
cycle_count : 5921
-------- Phase Rates Phase ID 606--------
ipc_rate : 1.69
-------- Phase Counters Phase ID 607--------
commit_count : 10000
cycle_count : 4897
-------- Phase Rates Phase ID 607--------
ipc_rate : 2.04
-------- Phase Counters Phase ID 608--------
commit_count : 10000
cycle_count : 5597
-------- Phase Rates Phase ID 608--------
ipc_rate : 1.79
-------- Phase Counters Phase ID 609--------
commit_count : 10000
cycle_count : 6645
-------- Phase Rates Phase ID 609--------
ipc_rate : 1.50
-------- Phase Counters Phase ID 610--------
commit_count : 10000
cycle_count : 6562
-------- Phase Rates Phase ID 610--------
ipc_rate : 1.52
-------- Phase Counters Phase ID 611--------
commit_count : 10000
cycle_count : 5621
-------- Phase Rates Phase ID 611--------
ipc_rate : 1.78
-------- Phase Counters Phase ID 612--------
commit_count : 10000
cycle_count : 5564
-------- Phase Rates Phase ID 612--------
ipc_rate : 1.80
-------- Phase Counters Phase ID 613--------
commit_count : 10000
cycle_count : 6591
-------- Phase Rates Phase ID 613--------
ipc_rate : 1.52
-------- Phase Counters Phase ID 614--------
commit_count : 10000
cycle_count : 5531
-------- Phase Rates Phase ID 614--------
ipc_rate : 1.81
-------- Phase Counters Phase ID 615--------
commit_count : 10000
cycle_count : 6794
-------- Phase Rates Phase ID 615--------
ipc_rate : 1.47
-------- Phase Counters Phase ID 616--------
commit_count : 10000
cycle_count : 6023
-------- Phase Rates Phase ID 616--------
ipc_rate : 1.66
-------- Phase Counters Phase ID 617--------
commit_count : 10000
cycle_count : 4118
-------- Phase Rates Phase ID 617--------
ipc_rate : 2.43
-------- Phase Counters Phase ID 618--------
commit_count : 10000
cycle_count : 5346
-------- Phase Rates Phase ID 618--------
ipc_rate : 1.87
-------- Phase Counters Phase ID 619--------
commit_count : 10000
cycle_count : 5930
-------- Phase Rates Phase ID 619--------
ipc_rate : 1.69
-------- Phase Counters Phase ID 620--------
commit_count : 10000
cycle_count : 4927
-------- Phase Rates Phase ID 620--------
ipc_rate : 2.03
-------- Phase Counters Phase ID 621--------
commit_count : 10000
cycle_count : 5644
-------- Phase Rates Phase ID 621--------
ipc_rate : 1.77
-------- Phase Counters Phase ID 622--------
commit_count : 10000
cycle_count : 4639
-------- Phase Rates Phase ID 622--------
ipc_rate : 2.16
-------- Phase Counters Phase ID 623--------
commit_count : 10000
cycle_count : 4908
-------- Phase Rates Phase ID 623--------
ipc_rate : 2.04
-------- Phase Counters Phase ID 624--------
commit_count : 10000
cycle_count : 4750
-------- Phase Rates Phase ID 624--------
ipc_rate : 2.11
-------- Phase Counters Phase ID 625--------
commit_count : 10000
cycle_count : 6228
-------- Phase Rates Phase ID 625--------
ipc_rate : 1.61
-------- Phase Counters Phase ID 626--------
commit_count : 10000
cycle_count : 5592
-------- Phase Rates Phase ID 626--------
ipc_rate : 1.79
-------- Phase Counters Phase ID 627--------
commit_count : 10000
cycle_count : 4914
-------- Phase Rates Phase ID 627--------
ipc_rate : 2.04
-------- Phase Counters Phase ID 628--------
commit_count : 10000
cycle_count : 5086
-------- Phase Rates Phase ID 628--------
ipc_rate : 1.97
-------- Phase Counters Phase ID 629--------
commit_count : 10000
cycle_count : 4162
-------- Phase Rates Phase ID 629--------
ipc_rate : 2.40
-------- Phase Counters Phase ID 630--------
commit_count : 10000
cycle_count : 5812
-------- Phase Rates Phase ID 630--------
ipc_rate : 1.72
-------- Phase Counters Phase ID 631--------
commit_count : 10000
cycle_count : 4780
-------- Phase Rates Phase ID 631--------
ipc_rate : 2.09
-------- Phase Counters Phase ID 632--------
commit_count : 10000
cycle_count : 6113
-------- Phase Rates Phase ID 632--------
ipc_rate : 1.64
-------- Phase Counters Phase ID 633--------
commit_count : 10000
cycle_count : 5482
-------- Phase Rates Phase ID 633--------
ipc_rate : 1.82
-------- Phase Counters Phase ID 634--------
commit_count : 10000
cycle_count : 4901
-------- Phase Rates Phase ID 634--------
ipc_rate : 2.04
-------- Phase Counters Phase ID 635--------
commit_count : 10000
cycle_count : 5395
-------- Phase Rates Phase ID 635--------
ipc_rate : 1.85
-------- Phase Counters Phase ID 636--------
commit_count : 10000
cycle_count : 3928
-------- Phase Rates Phase ID 636--------
ipc_rate : 2.55
-------- Phase Counters Phase ID 637--------
commit_count : 10000
cycle_count : 3538
-------- Phase Rates Phase ID 637--------
ipc_rate : 2.83
-------- Phase Counters Phase ID 638--------
commit_count : 10000
cycle_count : 5196
-------- Phase Rates Phase ID 638--------
ipc_rate : 1.92
-------- Phase Counters Phase ID 639--------
commit_count : 10000
cycle_count : 5326
-------- Phase Rates Phase ID 639--------
ipc_rate : 1.88
-------- Phase Counters Phase ID 640--------
commit_count : 10000
cycle_count : 5289
-------- Phase Rates Phase ID 640--------
ipc_rate : 1.89
-------- Phase Counters Phase ID 641--------
commit_count : 10000
cycle_count : 5995
-------- Phase Rates Phase ID 641--------
ipc_rate : 1.67
-------- Phase Counters Phase ID 642--------
commit_count : 10000
cycle_count : 4365
-------- Phase Rates Phase ID 642--------
ipc_rate : 2.29
-------- Phase Counters Phase ID 643--------
commit_count : 10000
cycle_count : 4943
-------- Phase Rates Phase ID 643--------
ipc_rate : 2.02
-------- Phase Counters Phase ID 644--------
commit_count : 10000
cycle_count : 5318
-------- Phase Rates Phase ID 644--------
ipc_rate : 1.88
-------- Phase Counters Phase ID 645--------
commit_count : 10000
cycle_count : 6324
-------- Phase Rates Phase ID 645--------
ipc_rate : 1.58
-------- Phase Counters Phase ID 646--------
commit_count : 10000
cycle_count : 5712
-------- Phase Rates Phase ID 646--------
ipc_rate : 1.75
-------- Phase Counters Phase ID 647--------
commit_count : 10000
cycle_count : 6558
-------- Phase Rates Phase ID 647--------
ipc_rate : 1.52
-------- Phase Counters Phase ID 648--------
commit_count : 10000
cycle_count : 6492
-------- Phase Rates Phase ID 648--------
ipc_rate : 1.54
-------- Phase Counters Phase ID 649--------
commit_count : 10000
cycle_count : 6606
-------- Phase Rates Phase ID 649--------
ipc_rate : 1.51
-------- Phase Counters Phase ID 650--------
commit_count : 10000
cycle_count : 5813
-------- Phase Rates Phase ID 650--------
ipc_rate : 1.72
-------- Phase Counters Phase ID 651--------
commit_count : 10000
cycle_count : 5054
-------- Phase Rates Phase ID 651--------
ipc_rate : 1.98
-------- Phase Counters Phase ID 652--------
commit_count : 10000
cycle_count : 5152
-------- Phase Rates Phase ID 652--------
ipc_rate : 1.94
-------- Phase Counters Phase ID 653--------
commit_count : 10000
cycle_count : 5564
-------- Phase Rates Phase ID 653--------
ipc_rate : 1.80
-------- Phase Counters Phase ID 654--------
commit_count : 10000
cycle_count : 4528
-------- Phase Rates Phase ID 654--------
ipc_rate : 2.21
-------- Phase Counters Phase ID 655--------
commit_count : 10000
cycle_count : 5755
-------- Phase Rates Phase ID 655--------
ipc_rate : 1.74
-------- Phase Counters Phase ID 656--------
commit_count : 10000
cycle_count : 6066
-------- Phase Rates Phase ID 656--------
ipc_rate : 1.65
-------- Phase Counters Phase ID 657--------
commit_count : 10000
cycle_count : 5209
-------- Phase Rates Phase ID 657--------
ipc_rate : 1.92
-------- Phase Counters Phase ID 658--------
commit_count : 10000
cycle_count : 5600
-------- Phase Rates Phase ID 658--------
ipc_rate : 1.79
-------- Phase Counters Phase ID 659--------
commit_count : 10000
cycle_count : 3999
-------- Phase Rates Phase ID 659--------
ipc_rate : 2.50
-------- Phase Counters Phase ID 660--------
commit_count : 10000
cycle_count : 3712
-------- Phase Rates Phase ID 660--------
ipc_rate : 2.69
-------- Phase Counters Phase ID 661--------
commit_count : 10000
cycle_count : 5591
-------- Phase Rates Phase ID 661--------
ipc_rate : 1.79
-------- Phase Counters Phase ID 662--------
commit_count : 10000
cycle_count : 5102
-------- Phase Rates Phase ID 662--------
ipc_rate : 1.96
-------- Phase Counters Phase ID 663--------
commit_count : 10000
cycle_count : 6026
-------- Phase Rates Phase ID 663--------
ipc_rate : 1.66
-------- Phase Counters Phase ID 664--------
commit_count : 10000
cycle_count : 5735
-------- Phase Rates Phase ID 664--------
ipc_rate : 1.74
-------- Phase Counters Phase ID 665--------
commit_count : 10000
cycle_count : 4280
-------- Phase Rates Phase ID 665--------
ipc_rate : 2.34
-------- Phase Counters Phase ID 666--------
commit_count : 10000
cycle_count : 5864
-------- Phase Rates Phase ID 666--------
ipc_rate : 1.71
-------- Phase Counters Phase ID 667--------
commit_count : 10000
cycle_count : 4243
-------- Phase Rates Phase ID 667--------
ipc_rate : 2.36
-------- Phase Counters Phase ID 668--------
commit_count : 10000
cycle_count : 5112
-------- Phase Rates Phase ID 668--------
ipc_rate : 1.96
-------- Phase Counters Phase ID 669--------
commit_count : 10000
cycle_count : 5896
-------- Phase Rates Phase ID 669--------
ipc_rate : 1.70
-------- Phase Counters Phase ID 670--------
commit_count : 10000
cycle_count : 5290
-------- Phase Rates Phase ID 670--------
ipc_rate : 1.89
